SF:/home/enamakel/work/workflow-openhuman/openhuman/app/src-tauri/src/app_update.rs
FN:55,_RNvNtCs9aNP7S1dQVS_9openhuman10app_update11backoff_for
FN:66,_RNvNtCs9aNP7S1dQVS_9openhuman10app_update24is_transient_updater_err
FN:43,_RNvNtCs9aNP7S1dQVS_9openhuman10app_update8classify
FN:103,_RNvNtNtCs90f7PWMcWms_9openhuman10app_update5testss_27non_transient_never_retries
FN:95,_RNvNtNtCs90f7PWMcWms_9openhuman10app_update5testss_30transient_past_budget_gives_up
FN:122,_RNvNtNtCs90f7PWMcWms_9openhuman10app_update5testss_32backoff_is_monotonic_and_bounded
FN:87,_RNvNtNtCs90f7PWMcWms_9openhuman10app_update5testss_34transient_on_last_attempt_gives_up
FN:116,_RNvNtNtCs90f7PWMcWms_9openhuman10app_update5testss_35single_attempt_budget_never_retries
FN:75,_RNvNtNtCs90f7PWMcWms_9openhuman10app_update5testss_36transient_with_attempts_left_retries
FN:55,_RNvNtCs90f7PWMcWms_9openhuman10app_update11backoff_for
FN:43,_RNvNtCs90f7PWMcWms_9openhuman10app_update8classify
FN:66,_RNvNtCs90f7PWMcWms_9openhuman10app_update24is_transient_updater_err
FNDA:0,_RNvNtCs9aNP7S1dQVS_9openhuman10app_update11backoff_for
FNDA:0,_RNvNtCs9aNP7S1dQVS_9openhuman10app_update24is_transient_updater_err
FNDA:0,_RNvNtCs9aNP7S1dQVS_9openhuman10app_update8classify
FNDA:1,_RNvNtNtCs90f7PWMcWms_9openhuman10app_update5testss_27non_transient_never_retries
FNDA:1,_RNvNtNtCs90f7PWMcWms_9openhuman10app_update5testss_30transient_past_budget_gives_up
FNDA:1,_RNvNtNtCs90f7PWMcWms_9openhuman10app_update5testss_32backoff_is_monotonic_and_bounded
FNDA:1,_RNvNtNtCs90f7PWMcWms_9openhuman10app_update5testss_34transient_on_last_attempt_gives_up
FNDA:1,_RNvNtNtCs90f7PWMcWms_9openhuman10app_update5testss_35single_attempt_budget_never_retries
FNDA:1,_RNvNtNtCs90f7PWMcWms_9openhuman10app_update5testss_36transient_with_attempts_left_retries
FNDA:4,_RNvNtCs90f7PWMcWms_9openhuman10app_update11backoff_for
FNDA:7,_RNvNtCs90f7PWMcWms_9openhuman10app_update8classify
FNDA:0,_RNvNtCs90f7PWMcWms_9openhuman10app_update24is_transient_updater_err
FNF:9
FNH:8
DA:43,7
DA:44,7
DA:45,2
DA:47,5
DA:49,7
DA:55,4
DA:56,4
DA:57,4
DA:66,0
DA:67,0
DA:68,0
DA:75,1
DA:76,1
DA:77,1
DA:80,1
DA:81,1
DA:84,1
DA:87,1
DA:88,1
DA:89,1
DA:92,1
DA:95,1
DA:96,1
DA:97,1
DA:100,1
DA:103,1
DA:105,1
DA:106,1
DA:109,1
DA:110,1
DA:113,1
DA:116,1
DA:118,1
DA:119,1
DA:122,1
DA:123,1
DA:124,1
DA:125,1
DA:126,1
DA:128,1
DA:129,1
DA:130,1
DA:133,1
BRF:0
BRH:0
LF:43
LH:40
end_of_record
SF:/home/enamakel/work/workflow-openhuman/openhuman/app/src-tauri/src/artifact_commands.rs
FN:132,_RNCNCNCNvCs9aNP7S1dQVS_9openhuman3runs8_0sR_00B7_
FN:38,_RNCNCNCNvCs9aNP7S1dQVS_9openhuman3runs8_0sS_00B7_
FN:144,_RNCNCNCNvNtCs9aNP7S1dQVS_9openhuman17artifact_commands30download_artifact_to_downloads000B9_
FN:124,_RNCNCNvNtCs9aNP7S1dQVS_9openhuman17artifact_commands12copy_to_path00B7_
FN:144,_RNCNCNvNtCs9aNP7S1dQVS_9openhuman17artifact_commands30download_artifact_to_downloads00B7_
FN:148,_RNCNCNvNtCs9aNP7S1dQVS_9openhuman17artifact_commands30download_artifact_to_downloads0s0_0B7_
FN:145,_RNCNCNvNtCs9aNP7S1dQVS_9openhuman17artifact_commands30download_artifact_to_downloads0s_0B7_
FN:121,_RNCNvNtCs9aNP7S1dQVS_9openhuman17artifact_commands12copy_to_path0B5_
FN:209,_RNCNvNtCs9aNP7S1dQVS_9openhuman17artifact_commands16pick_unique_path0B5_
FN:104,_RNCNvNtCs9aNP7S1dQVS_9openhuman17artifact_commands22assert_artifact_source0B5_
FN:111,_RNCNvNtCs9aNP7S1dQVS_9openhuman17artifact_commands22assert_artifact_sources0_0B5_
FN:105,_RNCNvNtCs9aNP7S1dQVS_9openhuman17artifact_commands22assert_artifact_sources_0B5_
FN:42,_RNCNvNtCs9aNP7S1dQVS_9openhuman17artifact_commands24save_artifact_via_dialog0B5_
FN:136,_RNCNvNtCs9aNP7S1dQVS_9openhuman17artifact_commands30download_artifact_to_downloads0B5_
FN:121,_RNvNtCs9aNP7S1dQVS_9openhuman17artifact_commands12copy_to_path
FN:219,_RNvNtCs9aNP7S1dQVS_9openhuman17artifact_commands14split_stem_ext
FN:76,_RNvNtCs9aNP7S1dQVS_9openhuman17artifact_commands15validate_source
FN:186,_RNvNtCs9aNP7S1dQVS_9openhuman17artifact_commands16pick_unique_path
FN:164,_RNvNtCs9aNP7S1dQVS_9openhuman17artifact_commands17sanitize_filename
FN:101,_RNvNtCs9aNP7S1dQVS_9openhuman17artifact_commands22assert_artifact_source
FN:39,_RNvNtCs9aNP7S1dQVS_9openhuman17artifact_commands24save_artifact_via_dialog
FN:133,_RNvNtCs9aNP7S1dQVS_9openhuman17artifact_commands30download_artifact_to_downloads
FN:295,_RNCNvNtNtCs90f7PWMcWms_9openhuman17artifact_commands5testss_25copy_to_path_copies_bytes0B7_
FN:373,_RNCNvNtNtCs90f7PWMcWms_9openhuman17artifact_commands5testss_31download_rejects_invalid_inputs0B7_
FN:306,_RNCNvNtNtCs90f7PWMcWms_9openhuman17artifact_commands5testss_34save_via_dialog_rejects_bad_source0B7_
FN:322,_RNvNtNtCs90f7PWMcWms_9openhuman17artifact_commands5testss_20split_stem_ext_pairs
FN:295,_RNvNtNtCs90f7PWMcWms_9openhuman17artifact_commands5testss_25copy_to_path_copies_bytes
FN:245,_RNvNtNtCs90f7PWMcWms_9openhuman17artifact_commands5testss_28sanitize_accepts_plain_names
FN:373,_RNvNtNtCs90f7PWMcWms_9openhuman17artifact_commands5testss_31download_rejects_invalid_inputs
FN:362,_RNvNtNtCs90f7PWMcWms_9openhuman17artifact_commands5testss_32pick_unique_handles_no_extension
FN:234,_RNvNtNtCs90f7PWMcWms_9openhuman17artifact_commands5testss_32sanitize_rejects_path_separators
FN:306,_RNvNtNtCs90f7PWMcWms_9openhuman17artifact_commands5testss_34save_via_dialog_rejects_bad_source
FN:346,_RNvNtNtCs90f7PWMcWms_9openhuman17artifact_commands5testss_36pick_unique_inserts_collision_suffix
FN:254,_RNvNtNtCs90f7PWMcWms_9openhuman17artifact_commands5testss_42validate_source_rejects_relative_and_empty
FN:283,_RNvNtNtCs90f7PWMcWms_9openhuman17artifact_commands5testss_48assert_artifact_source_rejects_file_outside_root
FN:261,_RNvNtNtCs90f7PWMcWms_9openhuman17artifact_commands5testss_56assert_artifact_source_accepts_file_under_artifacts_root
FN:272,_RNvNtNtCs90f7PWMcWms_9openhuman17artifact_commands5testss_63assert_artifact_source_rejects_file_without_artifacts_component
FN:144,_RNCNCNCNvNtCs90f7PWMcWms_9openhuman17artifact_commands30download_artifact_to_downloads000B9_
FN:124,_RNCNCNvNtCs90f7PWMcWms_9openhuman17artifact_commands12copy_to_path00B7_
FN:144,_RNCNCNvNtCs90f7PWMcWms_9openhuman17artifact_commands30download_artifact_to_downloads00B7_
FN:148,_RNCNCNvNtCs90f7PWMcWms_9openhuman17artifact_commands30download_artifact_to_downloads0s0_0B7_
FN:145,_RNCNCNvNtCs90f7PWMcWms_9openhuman17artifact_commands30download_artifact_to_downloads0s_0B7_
FN:121,_RNCNvNtCs90f7PWMcWms_9openhuman17artifact_commands12copy_to_path0B5_
FN:209,_RNCNvNtCs90f7PWMcWms_9openhuman17artifact_commands16pick_unique_path0B5_
FN:104,_RNCNvNtCs90f7PWMcWms_9openhuman17artifact_commands22assert_artifact_source0B5_
FN:111,_RNCNvNtCs90f7PWMcWms_9openhuman17artifact_commands22assert_artifact_sources0_0B5_
FN:105,_RNCNvNtCs90f7PWMcWms_9openhuman17artifact_commands22assert_artifact_sources_0B5_
FN:42,_RNCNvNtCs90f7PWMcWms_9openhuman17artifact_commands24save_artifact_via_dialog0B5_
FN:136,_RNCNvNtCs90f7PWMcWms_9openhuman17artifact_commands30download_artifact_to_downloads0B5_
FN:121,_RNvNtCs90f7PWMcWms_9openhuman17artifact_commands12copy_to_path
FN:219,_RNvNtCs90f7PWMcWms_9openhuman17artifact_commands14split_stem_ext
FN:76,_RNvNtCs90f7PWMcWms_9openhuman17artifact_commands15validate_source
FN:186,_RNvNtCs90f7PWMcWms_9openhuman17artifact_commands16pick_unique_path
FN:164,_RNvNtCs90f7PWMcWms_9openhuman17artifact_commands17sanitize_filename
FN:101,_RNvNtCs90f7PWMcWms_9openhuman17artifact_commands22assert_artifact_source
FN:39,_RNvNtCs90f7PWMcWms_9openhuman17artifact_commands24save_artifact_via_dialog
FN:133,_RNvNtCs90f7PWMcWms_9openhuman17artifact_commands30download_artifact_to_downloads
FN:132,_RNCNCNCNvCs90f7PWMcWms_9openhuman3runs8_0sR_00B7_
FN:38,_RNCNCNCNvCs90f7PWMcWms_9openhuman3runs8_0sS_00B7_
FNDA:0,_RNCNCNCNvCs9aNP7S1dQVS_9openhuman3runs8_0sR_00B7_
FNDA:0,_RNCNCNCNvCs9aNP7S1dQVS_9openhuman3runs8_0sS_00B7_
FNDA:0,_RNCNCNCNvNtCs9aNP7S1dQVS_9openhuman17artifact_commands30download_artifact_to_downloads000B9_
FNDA:0,_RNCNCNvNtCs9aNP7S1dQVS_9openhuman17artifact_commands12copy_to_path00B7_
FNDA:0,_RNCNCNvNtCs9aNP7S1dQVS_9openhuman17artifact_commands30download_artifact_to_downloads00B7_
FNDA:0,_RNCNCNvNtCs9aNP7S1dQVS_9openhuman17artifact_commands30download_artifact_to_downloads0s0_0B7_
FNDA:0,_RNCNCNvNtCs9aNP7S1dQVS_9openhuman17artifact_commands30download_artifact_to_downloads0s_0B7_
FNDA:0,_RNCNvNtCs9aNP7S1dQVS_9openhuman17artifact_commands12copy_to_path0B5_
FNDA:0,_RNCNvNtCs9aNP7S1dQVS_9openhuman17artifact_commands16pick_unique_path0B5_
FNDA:0,_RNCNvNtCs9aNP7S1dQVS_9openhuman17artifact_commands22assert_artifact_source0B5_
FNDA:0,_RNCNvNtCs9aNP7S1dQVS_9openhuman17artifact_commands22assert_artifact_sources0_0B5_
FNDA:0,_RNCNvNtCs9aNP7S1dQVS_9openhuman17artifact_commands22assert_artifact_sources_0B5_
FNDA:0,_RNCNvNtCs9aNP7S1dQVS_9openhuman17artifact_commands24save_artifact_via_dialog0B5_
FNDA:0,_RNCNvNtCs9aNP7S1dQVS_9openhuman17artifact_commands30download_artifact_to_downloads0B5_
FNDA:0,_RNvNtCs9aNP7S1dQVS_9openhuman17artifact_commands12copy_to_path
FNDA:0,_RNvNtCs9aNP7S1dQVS_9openhuman17artifact_commands14split_stem_ext
FNDA:0,_RNvNtCs9aNP7S1dQVS_9openhuman17artifact_commands15validate_source
FNDA:0,_RNvNtCs9aNP7S1dQVS_9openhuman17artifact_commands16pick_unique_path
FNDA:0,_RNvNtCs9aNP7S1dQVS_9openhuman17artifact_commands17sanitize_filename
FNDA:0,_RNvNtCs9aNP7S1dQVS_9openhuman17artifact_commands22assert_artifact_source
FNDA:0,_RNvNtCs9aNP7S1dQVS_9openhuman17artifact_commands24save_artifact_via_dialog
FNDA:0,_RNvNtCs9aNP7S1dQVS_9openhuman17artifact_commands30download_artifact_to_downloads
FNDA:1,_RNCNvNtNtCs90f7PWMcWms_9openhuman17artifact_commands5testss_25copy_to_path_copies_bytes0B7_
FNDA:1,_RNCNvNtNtCs90f7PWMcWms_9openhuman17artifact_commands5testss_31download_rejects_invalid_inputs0B7_
FNDA:1,_RNCNvNtNtCs90f7PWMcWms_9openhuman17artifact_commands5testss_34save_via_dialog_rejects_bad_source0B7_
FNDA:1,_RNvNtNtCs90f7PWMcWms_9openhuman17artifact_commands5testss_20split_stem_ext_pairs
FNDA:1,_RNvNtNtCs90f7PWMcWms_9openhuman17artifact_commands5testss_25copy_to_path_copies_bytes
FNDA:1,_RNvNtNtCs90f7PWMcWms_9openhuman17artifact_commands5testss_28sanitize_accepts_plain_names
FNDA:1,_RNvNtNtCs90f7PWMcWms_9openhuman17artifact_commands5testss_31download_rejects_invalid_inputs
FNDA:1,_RNvNtNtCs90f7PWMcWms_9openhuman17artifact_commands5testss_32pick_unique_handles_no_extension
FNDA:1,_RNvNtNtCs90f7PWMcWms_9openhuman17artifact_commands5testss_32sanitize_rejects_path_separators
FNDA:1,_RNvNtNtCs90f7PWMcWms_9openhuman17artifact_commands5testss_34save_via_dialog_rejects_bad_source
FNDA:1,_RNvNtNtCs90f7PWMcWms_9openhuman17artifact_commands5testss_36pick_unique_inserts_collision_suffix
FNDA:1,_RNvNtNtCs90f7PWMcWms_9openhuman17artifact_commands5testss_42validate_source_rejects_relative_and_empty
FNDA:1,_RNvNtNtCs90f7PWMcWms_9openhuman17artifact_commands5testss_48assert_artifact_source_rejects_file_outside_root
FNDA:1,_RNvNtNtCs90f7PWMcWms_9openhuman17artifact_commands5testss_56assert_artifact_source_accepts_file_under_artifacts_root
FNDA:1,_RNvNtNtCs90f7PWMcWms_9openhuman17artifact_commands5testss_63assert_artifact_source_rejects_file_without_artifacts_component
FNDA:0,_RNCNCNCNvNtCs90f7PWMcWms_9openhuman17artifact_commands30download_artifact_to_downloads000B9_
FNDA:0,_RNCNCNvNtCs90f7PWMcWms_9openhuman17artifact_commands12copy_to_path00B7_
FNDA:0,_RNCNCNvNtCs90f7PWMcWms_9openhuman17artifact_commands30download_artifact_to_downloads00B7_
FNDA:0,_RNCNCNvNtCs90f7PWMcWms_9openhuman17artifact_commands30download_artifact_to_downloads0s0_0B7_
FNDA:0,_RNCNCNvNtCs90f7PWMcWms_9openhuman17artifact_commands30download_artifact_to_downloads0s_0B7_
FNDA:1,_RNCNvNtCs90f7PWMcWms_9openhuman17artifact_commands12copy_to_path0B5_
FNDA:0,_RNCNvNtCs90f7PWMcWms_9openhuman17artifact_commands16pick_unique_path0B5_
FNDA:0,_RNCNvNtCs90f7PWMcWms_9openhuman17artifact_commands22assert_artifact_source0B5_
FNDA:14,_RNCNvNtCs90f7PWMcWms_9openhuman17artifact_commands22assert_artifact_sources0_0B5_
FNDA:0,_RNCNvNtCs90f7PWMcWms_9openhuman17artifact_commands22assert_artifact_sources_0B5_
FNDA:2,_RNCNvNtCs90f7PWMcWms_9openhuman17artifact_commands24save_artifact_via_dialog0B5_
FNDA:4,_RNCNvNtCs90f7PWMcWms_9openhuman17artifact_commands30download_artifact_to_downloads0B5_
FNDA:1,_RNvNtCs90f7PWMcWms_9openhuman17artifact_commands12copy_to_path
FNDA:8,_RNvNtCs90f7PWMcWms_9openhuman17artifact_commands14split_stem_ext
FNDA:9,_RNvNtCs90f7PWMcWms_9openhuman17artifact_commands15validate_source
FNDA:5,_RNvNtCs90f7PWMcWms_9openhuman17artifact_commands16pick_unique_path
FNDA:9,_RNvNtCs90f7PWMcWms_9openhuman17artifact_commands17sanitize_filename
FNDA:3,_RNvNtCs90f7PWMcWms_9openhuman17artifact_commands22assert_artifact_source
FNDA:2,_RNvNtCs90f7PWMcWms_9openhuman17artifact_commands24save_artifact_via_dialog
FNDA:4,_RNvNtCs90f7PWMcWms_9openhuman17artifact_commands30download_artifact_to_downloads
FNDA:0,_RNCNCNCNvCs90f7PWMcWms_9openhuman3runs8_0sR_00B7_
FNDA:0,_RNCNCNCNvCs90f7PWMcWms_9openhuman3runs8_0sS_00B7_
FNF:37
FNH:27
DA:38,0
DA:39,2
DA:40,2
DA:41,2
DA:42,2
DA:43,2
DA:44,0
DA:49,0
DA:50,0
DA:51,0
DA:52,0
DA:54,0
DA:55,0
DA:56,0
DA:59,0
DA:60,0
DA:61,0
DA:63,0
DA:65,0
DA:66,2
DA:76,9
DA:77,9
DA:78,3
DA:79,6
DA:80,6
DA:81,6
DA:82,3
DA:83,3
DA:84,3
DA:85,3
DA:86,3
DA:87,3
DA:88,3
DA:89,3
DA:90,0
DA:91,0
DA:92,0
DA:93,0
DA:94,9
DA:101,3
DA:102,3
DA:103,3
DA:104,3
DA:105,3
DA:106,3
DA:107,1
DA:108,2
DA:109,2
DA:110,2
DA:111,14
DA:113,1
DA:114,1
DA:115,1
DA:116,3
DA:121,1
DA:122,1
DA:123,1
DA:124,1
DA:125,1
DA:132,0
DA:133,4
DA:134,4
DA:135,4
DA:136,4
DA:137,4
DA:138,0
DA:139,0
DA:140,0
DA:141,0
DA:143,0
DA:144,0
DA:145,0
DA:146,0
DA:147,0
DA:148,0
DA:150,0
DA:151,0
DA:153,0
DA:155,0
DA:157,0
DA:158,4
DA:164,9
DA:165,9
DA:166,9
DA:167,1
DA:168,8
DA:169,8
DA:170,3
DA:171,3
DA:172,3
DA:173,5
DA:174,5
DA:175,1
DA:176,4
DA:177,4
DA:178,2
DA:179,2
DA:180,2
DA:181,9
DA:186,5
DA:187,5
DA:188,5
DA:189,2
DA:190,3
DA:191,3
DA:192,4
DA:193,4
DA:194,1
DA:196,3
DA:198,4
DA:199,4
DA:200,3
DA:201,1
DA:207,0
DA:208,0
DA:209,0
DA:210,0
DA:211,0
DA:212,0
DA:214,0
DA:216,0
DA:217,5
DA:219,8
DA:220,8
DA:222,6
DA:223,4
DA:224,2
DA:225,2
DA:226,4
DA:227,8
DA:234,1
DA:235,1
DA:236,1
DA:237,1
DA:238,1
DA:239,1
DA:240,1
DA:241,1
DA:242,1
DA:245,1
DA:246,1
DA:247,1
DA:250,1
DA:251,1
DA:254,1
DA:255,1
DA:256,1
DA:257,1
DA:258,1
DA:261,1
DA:262,1
DA:263,1
DA:264,1
DA:265,1
DA:266,1
DA:267,1
DA:268,1
DA:269,1
DA:272,1
DA:273,1
DA:274,1
DA:275,1
DA:276,1
DA:277,1
DA:278,1
DA:279,1
DA:280,1
DA:283,1
DA:284,1
DA:285,1
DA:287,1
DA:288,1
DA:289,1
DA:290,1
DA:291,1
DA:292,1
DA:295,1
DA:296,1
DA:297,1
DA:298,1
DA:299,1
DA:300,1
DA:301,1
DA:302,1
DA:303,1
DA:306,1
DA:309,1
DA:310,1
DA:311,1
DA:312,1
DA:314,1
DA:315,1
DA:316,1
DA:317,1
DA:318,1
DA:319,1
DA:322,1
DA:323,1
DA:324,1
DA:325,1
DA:327,1
DA:328,1
DA:329,1
DA:331,1
DA:332,1
DA:333,1
DA:335,1
DA:336,1
DA:337,1
DA:339,1
DA:340,1
DA:341,1
DA:343,1
DA:346,1
DA:347,1
DA:348,1
DA:349,1
DA:350,1
DA:352,1
DA:353,1
DA:354,1
DA:356,1
DA:357,1
DA:358,1
DA:359,1
DA:362,1
DA:363,1
DA:364,1
DA:365,1
DA:366,1
DA:367,1
DA:368,1
DA:369,1
DA:370,1
DA:373,1
DA:374,1
DA:375,1
DA:376,1
DA:377,1
DA:379,1
DA:380,1
DA:381,1
DA:382,1
DA:384,1
DA:385,1
DA:386,1
DA:387,1
DA:389,1
DA:390,1
DA:391,1
DA:392,1
DA:393,1
DA:394,1
BRF:0
BRH:0
LF:277
LH:227
end_of_record
SF:/home/enamakel/work/workflow-openhuman/openhuman/app/src-tauri/src/claude_code.rs
FN:22,_RNvNtCs9aNP7S1dQVS_9openhuman11claude_code24claude_code_login_launch
FN:22,_RNvNtCs90f7PWMcWms_9openhuman11claude_code24claude_code_login_launch
FNDA:0,_RNvNtCs9aNP7S1dQVS_9openhuman11claude_code24claude_code_login_launch
FNDA:0,_RNvNtCs90f7PWMcWms_9openhuman11claude_code24claude_code_login_launch
FNF:1
FNH:0
DA:22,0
DA:51,0
DA:52,0
DA:53,0
DA:54,0
DA:55,0
DA:56,0
DA:57,0
DA:58,0
DA:59,0
DA:60,0
DA:61,0
DA:64,0
DA:71,0
BRF:0
BRH:0
LF:14
LH:0
end_of_record
SF:/home/enamakel/work/workflow-openhuman/openhuman/app/src-tauri/src/companion/audio.rs
FN:166,_RNCNCNCNvNtNtCs9aNP7S1dQVS_9openhuman9companion5audio18run_capture_threads_0s0_00Bb_
FN:154,_RNCNCNCNvNtNtCs9aNP7S1dQVS_9openhuman9companion5audio18run_capture_threads_0s_00Bb_
FN:138,_RNCNCNvNtNtCs9aNP7S1dQVS_9openhuman9companion5audio18run_capture_threads_00B9_
FN:163,_RNCNCNvNtNtCs9aNP7S1dQVS_9openhuman9companion5audio18run_capture_threads_0s0_0B9_
FN:151,_RNCNCNvNtNtCs9aNP7S1dQVS_9openhuman9companion5audio18run_capture_threads_0s_0B9_
FN:48,_RNCNvMNtNtCs9aNP7S1dQVS_9openhuman9companion5audioNtB4_10MicCapture5start0B8_
FN:51,_RNCNvMNtNtCs9aNP7S1dQVS_9openhuman9companion5audioNtB4_10MicCapture5starts_0B8_
FN:132,_RNCNvNtNtCs9aNP7S1dQVS_9openhuman9companion5audio18run_capture_thread0B7_
FN:134,_RNCNvNtNtCs9aNP7S1dQVS_9openhuman9companion5audio18run_capture_threads_0B7_
FN:78,_RNvMNtNtCs9aNP7S1dQVS_9openhuman9companion5audioNtB2_10MicCapture4stop
FN:38,_RNvMNtNtCs9aNP7S1dQVS_9openhuman9companion5audioNtB2_10MicCapture5start
FN:206,_RNvNtNtCs9aNP7S1dQVS_9openhuman9companion5audio15resample_linear
FN:105,_RNvNtNtCs9aNP7S1dQVS_9openhuman9companion5audio18run_capture_thread
FN:233,_RNvNtNtCs9aNP7S1dQVS_9openhuman9companion5audio21pack_wav_pcm16le_mono
FN:95,_RNvXs_NtNtCs9aNP7S1dQVS_9openhuman9companion5audioNtB4_10MicCaptureNtNtNtCs3BFokC4QLxY_4core3ops4drop4Drop4drop
FN:280,_RNvNtNtNtCs90f7PWMcWms_9openhuman9companion5audio5testss_23resample_empty_is_empty
FN:273,_RNvNtNtNtCs90f7PWMcWms_9openhuman9companion5audio5testss_27resample_downsamples_length
FN:285,_RNvNtNtNtCs90f7PWMcWms_9openhuman9companion5audio5testss_32wav_header_is_44_bytes_plus_data
FN:298,_RNvNtNtNtCs90f7PWMcWms_9openhuman9companion5audio5testss_32wav_sample_rate_field_roundtrips
FN:267,_RNvNtNtNtCs90f7PWMcWms_9openhuman9companion5audio5testss_34resample_identity_when_rates_match
FN:206,_RNvNtNtCs90f7PWMcWms_9openhuman9companion5audio15resample_linear
FN:233,_RNvNtNtCs90f7PWMcWms_9openhuman9companion5audio21pack_wav_pcm16le_mono
FN:95,_RNvXs_NtNtCs90f7PWMcWms_9openhuman9companion5audioNtB4_10MicCaptureNtNtNtCs3BFokC4QLxY_4core3ops4drop4Drop4drop
FN:166,_RNCNCNCNvNtNtCs90f7PWMcWms_9openhuman9companion5audio18run_capture_threads_0s0_00Bb_
FN:154,_RNCNCNCNvNtNtCs90f7PWMcWms_9openhuman9companion5audio18run_capture_threads_0s_00Bb_
FN:138,_RNCNCNvNtNtCs90f7PWMcWms_9openhuman9companion5audio18run_capture_threads_00B9_
FN:163,_RNCNCNvNtNtCs90f7PWMcWms_9openhuman9companion5audio18run_capture_threads_0s0_0B9_
FN:151,_RNCNCNvNtNtCs90f7PWMcWms_9openhuman9companion5audio18run_capture_threads_0s_0B9_
FN:48,_RNCNvMNtNtCs90f7PWMcWms_9openhuman9companion5audioNtB4_10MicCapture5start0B8_
FN:51,_RNCNvMNtNtCs90f7PWMcWms_9openhuman9companion5audioNtB4_10MicCapture5starts_0B8_
FN:132,_RNCNvNtNtCs90f7PWMcWms_9openhuman9companion5audio18run_capture_thread0B7_
FN:134,_RNCNvNtNtCs90f7PWMcWms_9openhuman9companion5audio18run_capture_threads_0B7_
FN:78,_RNvMNtNtCs90f7PWMcWms_9openhuman9companion5audioNtB2_10MicCapture4stop
FN:38,_RNvMNtNtCs90f7PWMcWms_9openhuman9companion5audioNtB2_10MicCapture5start
FN:105,_RNvNtNtCs90f7PWMcWms_9openhuman9companion5audio18run_capture_thread
FNDA:0,_RNCNCNCNvNtNtCs9aNP7S1dQVS_9openhuman9companion5audio18run_capture_threads_0s0_00Bb_
FNDA:0,_RNCNCNCNvNtNtCs9aNP7S1dQVS_9openhuman9companion5audio18run_capture_threads_0s_00Bb_
FNDA:0,_RNCNCNvNtNtCs9aNP7S1dQVS_9openhuman9companion5audio18run_capture_threads_00B9_
FNDA:0,_RNCNCNvNtNtCs9aNP7S1dQVS_9openhuman9companion5audio18run_capture_threads_0s0_0B9_
FNDA:0,_RNCNCNvNtNtCs9aNP7S1dQVS_9openhuman9companion5audio18run_capture_threads_0s_0B9_
FNDA:0,_RNCNvMNtNtCs9aNP7S1dQVS_9openhuman9companion5audioNtB4_10MicCapture5start0B8_
FNDA:0,_RNCNvMNtNtCs9aNP7S1dQVS_9openhuman9companion5audioNtB4_10MicCapture5starts_0B8_
FNDA:0,_RNCNvNtNtCs9aNP7S1dQVS_9openhuman9companion5audio18run_capture_thread0B7_
FNDA:0,_RNCNvNtNtCs9aNP7S1dQVS_9openhuman9companion5audio18run_capture_threads_0B7_
FNDA:0,_RNvMNtNtCs9aNP7S1dQVS_9openhuman9companion5audioNtB2_10MicCapture4stop
FNDA:0,_RNvMNtNtCs9aNP7S1dQVS_9openhuman9companion5audioNtB2_10MicCapture5start
FNDA:0,_RNvNtNtCs9aNP7S1dQVS_9openhuman9companion5audio15resample_linear
FNDA:0,_RNvNtNtCs9aNP7S1dQVS_9openhuman9companion5audio18run_capture_thread
FNDA:0,_RNvNtNtCs9aNP7S1dQVS_9openhuman9companion5audio21pack_wav_pcm16le_mono
FNDA:0,_RNvXs_NtNtCs9aNP7S1dQVS_9openhuman9companion5audioNtB4_10MicCaptureNtNtNtCs3BFokC4QLxY_4core3ops4drop4Drop4drop
FNDA:1,_RNvNtNtNtCs90f7PWMcWms_9openhuman9companion5audio5testss_23resample_empty_is_empty
FNDA:1,_RNvNtNtNtCs90f7PWMcWms_9openhuman9companion5audio5testss_27resample_downsamples_length
FNDA:1,_RNvNtNtNtCs90f7PWMcWms_9openhuman9companion5audio5testss_32wav_header_is_44_bytes_plus_data
FNDA:1,_RNvNtNtNtCs90f7PWMcWms_9openhuman9companion5audio5testss_32wav_sample_rate_field_roundtrips
FNDA:1,_RNvNtNtNtCs90f7PWMcWms_9openhuman9companion5audio5testss_34resample_identity_when_rates_match
FNDA:3,_RNvNtNtCs90f7PWMcWms_9openhuman9companion5audio15resample_linear
FNDA:2,_RNvNtNtCs90f7PWMcWms_9openhuman9companion5audio21pack_wav_pcm16le_mono
FNDA:0,_RNvXs_NtNtCs90f7PWMcWms_9openhuman9companion5audioNtB4_10MicCaptureNtNtNtCs3BFokC4QLxY_4core3ops4drop4Drop4drop
FNDA:0,_RNCNCNCNvNtNtCs90f7PWMcWms_9openhuman9companion5audio18run_capture_threads_0s0_00Bb_
FNDA:0,_RNCNCNCNvNtNtCs90f7PWMcWms_9openhuman9companion5audio18run_capture_threads_0s_00Bb_
FNDA:0,_RNCNCNvNtNtCs90f7PWMcWms_9openhuman9companion5audio18run_capture_threads_00B9_
FNDA:0,_RNCNCNvNtNtCs90f7PWMcWms_9openhuman9companion5audio18run_capture_threads_0s0_0B9_
FNDA:0,_RNCNCNvNtNtCs90f7PWMcWms_9openhuman9companion5audio18run_capture_threads_0s_0B9_
FNDA:0,_RNCNvMNtNtCs90f7PWMcWms_9openhuman9companion5audioNtB4_10MicCapture5start0B8_
FNDA:0,_RNCNvMNtNtCs90f7PWMcWms_9openhuman9companion5audioNtB4_10MicCapture5starts_0B8_
FNDA:0,_RNCNvNtNtCs90f7PWMcWms_9openhuman9companion5audio18run_capture_thread0B7_
FNDA:0,_RNCNvNtNtCs90f7PWMcWms_9openhuman9companion5audio18run_capture_threads_0B7_
FNDA:0,_RNvMNtNtCs90f7PWMcWms_9openhuman9companion5audioNtB2_10MicCapture4stop
FNDA:0,_RNvMNtNtCs90f7PWMcWms_9openhuman9companion5audioNtB2_10MicCapture5start
FNDA:0,_RNvNtNtCs90f7PWMcWms_9openhuman9companion5audio18run_capture_thread
FNF:20
FNH:7
DA:38,0
DA:39,0
DA:40,0
DA:42,0
DA:43,0
DA:44,0
DA:46,0
DA:47,0
DA:48,0
DA:49,0
DA:50,0
DA:51,0
DA:53,0
DA:54,0
DA:55,0
DA:56,0
DA:57,0
DA:58,0
DA:61,0
DA:62,0
DA:63,0
DA:67,0
DA:68,0
DA:69,0
DA:70,0
DA:71,0
DA:72,0
DA:73,0
DA:74,0
DA:78,0
DA:79,0
DA:80,0
DA:81,0
DA:82,0
DA:83,0
DA:84,0
DA:86,0
DA:89,0
DA:90,0
DA:91,0
DA:95,0
DA:96,0
DA:97,0
DA:98,0
DA:99,0
DA:100,0
DA:105,0
DA:106,0
DA:107,0
DA:108,0
DA:109,0
DA:110,0
DA:111,0
DA:112,0
DA:114,0
DA:115,0
DA:119,0
DA:120,0
DA:121,0
DA:122,0
DA:123,0
DA:127,0
DA:128,0
DA:129,0
DA:130,0
DA:132,0
DA:134,0
DA:135,0
DA:136,0
DA:137,0
DA:138,0
DA:139,0
DA:140,0
DA:141,0
DA:142,0
DA:143,0
DA:144,0
DA:145,0
DA:146,0
DA:147,0
DA:149,0
DA:150,0
DA:151,0
DA:152,0
DA:153,0
DA:154,0
DA:155,0
DA:157,0
DA:158,0
DA:159,0
DA:161,0
DA:162,0
DA:163,0
DA:164,0
DA:165,0
DA:166,0
DA:167,0
DA:169,0
DA:170,0
DA:171,0
DA:173,0
DA:174,0
DA:175,0
DA:176,0
DA:177,0
DA:179,0
DA:181,0
DA:182,0
DA:183,0
DA:184,0
DA:185,0
DA:189,0
DA:190,0
DA:191,0
DA:192,0
DA:194,0
DA:197,0
DA:198,0
DA:199,0
DA:200,0
DA:201,0
DA:202,0
DA:206,3
DA:207,3
DA:208,1
DA:209,2
DA:210,2
DA:211,1
DA:212,1
DA:213,1
DA:214,1
DA:215,1
DA:216,16000
DA:217,16000
DA:218,16000
DA:219,16000
DA:220,16000
DA:221,16000
DA:222,16000
DA:223,16000
DA:224,1
DA:225,3
DA:233,2
DA:234,2
DA:235,2
DA:236,2
DA:237,2
DA:238,2
DA:240,2
DA:241,2
DA:242,2
DA:243,2
DA:245,2
DA:246,2
DA:247,2
DA:248,2
DA:249,2
DA:250,2
DA:251,2
DA:252,2
DA:254,2
DA:255,2
DA:256,9
DA:257,9
DA:258,9
DA:259,2
DA:260,2
DA:267,1
DA:268,1
DA:269,1
DA:270,1
DA:273,1
DA:274,1
DA:275,1
DA:276,1
DA:277,1
DA:280,1
DA:281,1
DA:282,1
DA:285,1
DA:286,1
DA:287,1
DA:288,1
DA:289,1
DA:290,1
DA:291,1
DA:293,1
DA:294,1
DA:295,1
DA:298,1
DA:299,1
DA:300,1
DA:301,1
DA:302,1
BRF:0
BRH:0
LF:200
LH:72
end_of_record
SF:/home/enamakel/work/workflow-openhuman/openhuman/app/src-tauri/src/companion/events.rs
FN:32,_RNvNtNtCs9aNP7S1dQVS_9openhuman9companion6events14set_app_handle
FN:42,_RNvNtNtCs9aNP7S1dQVS_9openhuman9companion6events18emit_state_changed
FN:52,_RNCNvNtNtCs90f7PWMcWms_9openhuman9companion6events18emit_state_changed0B7_
FN:79,_RNCNvNtNtCs90f7PWMcWms_9openhuman9companion6events20take_recorded_events0B7_
FN:42,_RNvNtNtCs90f7PWMcWms_9openhuman9companion6events18emit_state_changed
FN:75,_RNvNtNtCs90f7PWMcWms_9openhuman9companion6events20take_recorded_events
FN:32,_RNvNtNtCs90f7PWMcWms_9openhuman9companion6events14set_app_handle
FNDA:0,_RNvNtNtCs9aNP7S1dQVS_9openhuman9companion6events14set_app_handle
FNDA:0,_RNvNtNtCs9aNP7S1dQVS_9openhuman9companion6events18emit_state_changed
FNDA:0,_RNCNvNtNtCs90f7PWMcWms_9openhuman9companion6events18emit_state_changed0B7_
FNDA:0,_RNCNvNtNtCs90f7PWMcWms_9openhuman9companion6events20take_recorded_events0B7_
FNDA:36,_RNvNtNtCs90f7PWMcWms_9openhuman9companion6events18emit_state_changed
FNDA:64,_RNvNtNtCs90f7PWMcWms_9openhuman9companion6events20take_recorded_events
FNDA:0,_RNvNtNtCs90f7PWMcWms_9openhuman9companion6events14set_app_handle
FNF:5
FNH:2
DA:32,0
DA:33,0
DA:34,0
DA:35,0
DA:36,0
DA:42,36
DA:43,36
DA:44,36
DA:45,36
DA:46,36
DA:47,36
DA:48,36
DA:50,36
DA:51,36
DA:52,36
DA:53,36
DA:54,36
DA:55,36
DA:56,36
DA:58,0
DA:59,0
DA:60,0
DA:65,0
DA:66,0
DA:67,0
DA:68,0
DA:70,0
DA:71,0
DA:72,36
DA:75,64
DA:76,64
DA:77,64
DA:78,64
DA:79,64
DA:81,64
BRF:0
BRH:0
LF:37
LH:21
end_of_record
SF:/home/enamakel/work/workflow-openhuman/openhuman/app/src-tauri/src/companion/mod.rs
FN:134,_RNCNCNCNvCs9aNP7S1dQVS_9openhuman3runs8_0st_00B7_
FN:118,_RNCNCNCNvCs9aNP7S1dQVS_9openhuman3runs8_0sv_00B7_
FN:86,_RNCNCNCNvCs9aNP7S1dQVS_9openhuman3runs8_0sw_00B7_
FN:70,_RNCNCNCNvCs9aNP7S1dQVS_9openhuman3runs8_0sx_00B7_
FN:121,_RNCNvNtCs9aNP7S1dQVS_9openhuman9companion16companion_status0B5_
FN:129,_RNCNvNtCs9aNP7S1dQVS_9openhuman9companion20companion_config_get0B5_
FN:137,_RNCNvNtCs9aNP7S1dQVS_9openhuman9companion20companion_config_set0B5_
FN:89,_RNCNvNtCs9aNP7S1dQVS_9openhuman9companion22companion_stop_session0B5_
FN:235,_RNCNvNtCs9aNP7S1dQVS_9openhuman9companion22finish_capture_and_run0B5_
FN:74,_RNCNvNtCs9aNP7S1dQVS_9openhuman9companion23companion_start_session0B5_
FN:187,_RNvNtCs9aNP7S1dQVS_9openhuman9companion13start_capture
FN:63,_RNvNtCs9aNP7S1dQVS_9openhuman9companion14current_config
FN:119,_RNvNtCs9aNP7S1dQVS_9openhuman9companion16companion_status
FN:276,_RNvNtCs9aNP7S1dQVS_9openhuman9companion17clear_active_turn
FN:179,_RNvNtCs9aNP7S1dQVS_9openhuman9companion17handle_activation
FN:270,_RNvNtCs9aNP7S1dQVS_9openhuman9companion18cancel_active_turn
FN:129,_RNvNtCs9aNP7S1dQVS_9openhuman9companion20companion_config_get
FN:135,_RNvNtCs9aNP7S1dQVS_9openhuman9companion20companion_config_set
FN:256,_RNvNtCs9aNP7S1dQVS_9openhuman9companion20register_active_turn
FN:151,_RNvNtCs9aNP7S1dQVS_9openhuman9companion21handle_hotkey_pressed
FN:87,_RNvNtCs9aNP7S1dQVS_9openhuman9companion22companion_stop_session
FN:226,_RNvNtCs9aNP7S1dQVS_9openhuman9companion22finish_capture_and_run
FN:166,_RNvNtCs9aNP7S1dQVS_9openhuman9companion22handle_hotkey_released
FN:100,_RNvNtCs9aNP7S1dQVS_9openhuman9companion22stop_session_resources
FN:107,_RNvNtCs9aNP7S1dQVS_9openhuman9companion23cleanup_expired_session
FN:71,_RNvNtCs9aNP7S1dQVS_9openhuman9companion23companion_start_session
FN:249,_RNvNtCs9aNP7S1dQVS_9openhuman9companion39finish_listening_without_active_capture
FN:58,_RNvNtCs9aNP7S1dQVS_9openhuman9companion5setup
FN:276,_RNvNtCs90f7PWMcWms_9openhuman9companion17clear_active_turn
FN:270,_RNvNtCs90f7PWMcWms_9openhuman9companion18cancel_active_turn
FN:256,_RNvNtCs90f7PWMcWms_9openhuman9companion20register_active_turn
FN:249,_RNvNtCs90f7PWMcWms_9openhuman9companion39finish_listening_without_active_capture
FN:288,_RNvNtNtCs90f7PWMcWms_9openhuman9companion23turn_cancellation_testss_74interrupt_cancels_in_flight_turn_and_old_completion_cannot_clear_new_token
FN:134,_RNCNCNCNvCs90f7PWMcWms_9openhuman3runs8_0st_00B7_
FN:118,_RNCNCNCNvCs90f7PWMcWms_9openhuman3runs8_0sv_00B7_
FN:86,_RNCNCNCNvCs90f7PWMcWms_9openhuman3runs8_0sw_00B7_
FN:70,_RNCNCNCNvCs90f7PWMcWms_9openhuman3runs8_0sx_00B7_
FN:121,_RNCNvNtCs90f7PWMcWms_9openhuman9companion16companion_status0B5_
FN:129,_RNCNvNtCs90f7PWMcWms_9openhuman9companion20companion_config_get0B5_
FN:137,_RNCNvNtCs90f7PWMcWms_9openhuman9companion20companion_config_set0B5_
FN:89,_RNCNvNtCs90f7PWMcWms_9openhuman9companion22companion_stop_session0B5_
FN:235,_RNCNvNtCs90f7PWMcWms_9openhuman9companion22finish_capture_and_run0B5_
FN:74,_RNCNvNtCs90f7PWMcWms_9openhuman9companion23companion_start_session0B5_
FN:187,_RNvNtCs90f7PWMcWms_9openhuman9companion13start_capture
FN:63,_RNvNtCs90f7PWMcWms_9openhuman9companion14current_config
FN:119,_RNvNtCs90f7PWMcWms_9openhuman9companion16companion_status
FN:179,_RNvNtCs90f7PWMcWms_9openhuman9companion17handle_activation
FN:129,_RNvNtCs90f7PWMcWms_9openhuman9companion20companion_config_get
FN:135,_RNvNtCs90f7PWMcWms_9openhuman9companion20companion_config_set
FN:151,_RNvNtCs90f7PWMcWms_9openhuman9companion21handle_hotkey_pressed
FN:87,_RNvNtCs90f7PWMcWms_9openhuman9companion22companion_stop_session
FN:226,_RNvNtCs90f7PWMcWms_9openhuman9companion22finish_capture_and_run
FN:166,_RNvNtCs90f7PWMcWms_9openhuman9companion22handle_hotkey_released
FN:100,_RNvNtCs90f7PWMcWms_9openhuman9companion22stop_session_resources
FN:107,_RNvNtCs90f7PWMcWms_9openhuman9companion23cleanup_expired_session
FN:71,_RNvNtCs90f7PWMcWms_9openhuman9companion23companion_start_session
FN:58,_RNvNtCs90f7PWMcWms_9openhuman9companion5setup
FNDA:0,_RNCNCNCNvCs9aNP7S1dQVS_9openhuman3runs8_0st_00B7_
FNDA:0,_RNCNCNCNvCs9aNP7S1dQVS_9openhuman3runs8_0sv_00B7_
FNDA:0,_RNCNCNCNvCs9aNP7S1dQVS_9openhuman3runs8_0sw_00B7_
FNDA:0,_RNCNCNCNvCs9aNP7S1dQVS_9openhuman3runs8_0sx_00B7_
FNDA:0,_RNCNvNtCs9aNP7S1dQVS_9openhuman9companion16companion_status0B5_
FNDA:0,_RNCNvNtCs9aNP7S1dQVS_9openhuman9companion20companion_config_get0B5_
FNDA:0,_RNCNvNtCs9aNP7S1dQVS_9openhuman9companion20companion_config_set0B5_
FNDA:0,_RNCNvNtCs9aNP7S1dQVS_9openhuman9companion22companion_stop_session0B5_
FNDA:0,_RNCNvNtCs9aNP7S1dQVS_9openhuman9companion22finish_capture_and_run0B5_
FNDA:0,_RNCNvNtCs9aNP7S1dQVS_9openhuman9companion23companion_start_session0B5_
FNDA:0,_RNvNtCs9aNP7S1dQVS_9openhuman9companion13start_capture
FNDA:0,_RNvNtCs9aNP7S1dQVS_9openhuman9companion14current_config
FNDA:0,_RNvNtCs9aNP7S1dQVS_9openhuman9companion16companion_status
FNDA:0,_RNvNtCs9aNP7S1dQVS_9openhuman9companion17clear_active_turn
FNDA:0,_RNvNtCs9aNP7S1dQVS_9openhuman9companion17handle_activation
FNDA:0,_RNvNtCs9aNP7S1dQVS_9openhuman9companion18cancel_active_turn
FNDA:0,_RNvNtCs9aNP7S1dQVS_9openhuman9companion20companion_config_get
FNDA:0,_RNvNtCs9aNP7S1dQVS_9openhuman9companion20companion_config_set
FNDA:0,_RNvNtCs9aNP7S1dQVS_9openhuman9companion20register_active_turn
FNDA:0,_RNvNtCs9aNP7S1dQVS_9openhuman9companion21handle_hotkey_pressed
FNDA:0,_RNvNtCs9aNP7S1dQVS_9openhuman9companion22companion_stop_session
FNDA:0,_RNvNtCs9aNP7S1dQVS_9openhuman9companion22finish_capture_and_run
FNDA:0,_RNvNtCs9aNP7S1dQVS_9openhuman9companion22handle_hotkey_released
FNDA:0,_RNvNtCs9aNP7S1dQVS_9openhuman9companion22stop_session_resources
FNDA:0,_RNvNtCs9aNP7S1dQVS_9openhuman9companion23cleanup_expired_session
FNDA:0,_RNvNtCs9aNP7S1dQVS_9openhuman9companion23companion_start_session
FNDA:0,_RNvNtCs9aNP7S1dQVS_9openhuman9companion39finish_listening_without_active_capture
FNDA:0,_RNvNtCs9aNP7S1dQVS_9openhuman9companion5setup
FNDA:1,_RNvNtCs90f7PWMcWms_9openhuman9companion17clear_active_turn
FNDA:3,_RNvNtCs90f7PWMcWms_9openhuman9companion18cancel_active_turn
FNDA:2,_RNvNtCs90f7PWMcWms_9openhuman9companion20register_active_turn
FNDA:0,_RNvNtCs90f7PWMcWms_9openhuman9companion39finish_listening_without_active_capture
FNDA:1,_RNvNtNtCs90f7PWMcWms_9openhuman9companion23turn_cancellation_testss_74interrupt_cancels_in_flight_turn_and_old_completion_cannot_clear_new_token
FNDA:0,_RNCNCNCNvCs90f7PWMcWms_9openhuman3runs8_0st_00B7_
FNDA:0,_RNCNCNCNvCs90f7PWMcWms_9openhuman3runs8_0sv_00B7_
FNDA:0,_RNCNCNCNvCs90f7PWMcWms_9openhuman3runs8_0sw_00B7_
FNDA:0,_RNCNCNCNvCs90f7PWMcWms_9openhuman3runs8_0sx_00B7_
FNDA:0,_RNCNvNtCs90f7PWMcWms_9openhuman9companion16companion_status0B5_
FNDA:0,_RNCNvNtCs90f7PWMcWms_9openhuman9companion20companion_config_get0B5_
FNDA:0,_RNCNvNtCs90f7PWMcWms_9openhuman9companion20companion_config_set0B5_
FNDA:0,_RNCNvNtCs90f7PWMcWms_9openhuman9companion22companion_stop_session0B5_
FNDA:0,_RNCNvNtCs90f7PWMcWms_9openhuman9companion22finish_capture_and_run0B5_
FNDA:0,_RNCNvNtCs90f7PWMcWms_9openhuman9companion23companion_start_session0B5_
FNDA:0,_RNvNtCs90f7PWMcWms_9openhuman9companion13start_capture
FNDA:0,_RNvNtCs90f7PWMcWms_9openhuman9companion14current_config
FNDA:0,_RNvNtCs90f7PWMcWms_9openhuman9companion16companion_status
FNDA:0,_RNvNtCs90f7PWMcWms_9openhuman9companion17handle_activation
FNDA:0,_RNvNtCs90f7PWMcWms_9openhuman9companion20companion_config_get
FNDA:0,_RNvNtCs90f7PWMcWms_9openhuman9companion20companion_config_set
FNDA:0,_RNvNtCs90f7PWMcWms_9openhuman9companion21handle_hotkey_pressed
FNDA:0,_RNvNtCs90f7PWMcWms_9openhuman9companion22companion_stop_session
FNDA:0,_RNvNtCs90f7PWMcWms_9openhuman9companion22finish_capture_and_run
FNDA:0,_RNvNtCs90f7PWMcWms_9openhuman9companion22handle_hotkey_released
FNDA:0,_RNvNtCs90f7PWMcWms_9openhuman9companion22stop_session_resources
FNDA:0,_RNvNtCs90f7PWMcWms_9openhuman9companion23cleanup_expired_session
FNDA:0,_RNvNtCs90f7PWMcWms_9openhuman9companion23companion_start_session
FNDA:0,_RNvNtCs90f7PWMcWms_9openhuman9companion5setup
FNF:29
FNH:4
DA:58,0
DA:59,0
DA:60,0
DA:61,0
DA:63,0
DA:64,0
DA:65,0
DA:70,0
DA:71,0
DA:72,0
DA:73,0
DA:74,0
DA:75,0
DA:76,0
DA:77,0
DA:78,0
DA:79,0
DA:80,0
DA:81,0
DA:82,0
DA:83,0
DA:86,0
DA:87,0
DA:88,0
DA:89,0
DA:90,0
DA:91,0
DA:92,0
DA:93,0
DA:94,0
DA:95,0
DA:96,0
DA:97,0
DA:98,0
DA:100,0
DA:101,0
DA:102,0
DA:103,0
DA:104,0
DA:105,0
DA:107,0
DA:108,0
DA:109,0
DA:110,0
DA:111,0
DA:112,0
DA:113,0
DA:114,0
DA:115,0
DA:118,0
DA:119,0
DA:120,0
DA:121,0
DA:122,0
DA:123,0
DA:124,0
DA:125,0
DA:129,0
DA:130,0
DA:131,0
DA:134,0
DA:135,0
DA:136,0
DA:137,0
DA:138,0
DA:142,0
DA:143,0
DA:144,0
DA:151,0
DA:152,0
DA:153,0
DA:154,0
DA:155,0
DA:156,0
DA:157,0
DA:158,0
DA:159,0
DA:160,0
DA:166,0
DA:167,0
DA:168,0
DA:169,0
DA:170,0
DA:171,0
DA:172,0
DA:173,0
DA:179,0
DA:180,0
DA:181,0
DA:182,0
DA:183,0
DA:184,0
DA:185,0
DA:187,0
DA:188,0
DA:189,0
DA:190,0
DA:191,0
DA:192,0
DA:193,0
DA:194,0
DA:196,0
DA:197,0
DA:198,0
DA:199,0
DA:200,0
DA:204,0
DA:208,0
DA:210,0
DA:211,0
DA:212,0
DA:213,0
DA:214,0
DA:215,0
DA:216,0
DA:217,0
DA:219,0
DA:220,0
DA:221,0
DA:224,0
DA:226,0
DA:227,0
DA:228,0
DA:229,0
DA:230,0
DA:232,0
DA:233,0
DA:234,0
DA:235,0
DA:236,0
DA:237,0
DA:238,0
DA:239,0
DA:241,0
DA:242,0
DA:244,0
DA:245,0
DA:246,0
DA:247,0
DA:249,0
DA:250,0
DA:251,0
DA:252,0
DA:253,0
DA:254,0
DA:256,2
DA:257,2
DA:258,2
DA:259,2
DA:260,2
DA:261,0
DA:262,2
DA:263,2
DA:264,2
DA:265,2
DA:266,2
DA:267,2
DA:268,2
DA:270,3
DA:271,3
DA:272,2
DA:273,2
DA:274,3
DA:276,1
DA:277,1
DA:278,1
DA:279,0
DA:280,1
DA:281,1
DA:288,1
DA:289,1
DA:291,1
DA:292,1
DA:293,1
DA:295,1
DA:296,1
DA:297,1
DA:298,1
DA:299,1
DA:300,1
DA:303,1
DA:304,1
DA:305,1
BRF:0
BRH:0
LF:189
LH:36
end_of_record
SF:/home/enamakel/work/workflow-openhuman/openhuman/app/src-tauri/src/companion/pipeline.rs
FN:324,_RNCNCNvNtNtCs9aNP7S1dQVS_9openhuman9companion8pipeline13llm_companion00B9_
FN:339,_RNCNCNvNtNtCs9aNP7S1dQVS_9openhuman9companion8pipeline13llm_companion0s0_0B9_
FN:346,_RNCNCNvNtNtCs9aNP7S1dQVS_9openhuman9companion8pipeline13llm_companion0s1_0B9_
FN:333,_RNCNCNvNtNtCs9aNP7S1dQVS_9openhuman9companion8pipeline13llm_companion0s_0B9_
FN:260,_RNCNCNvNtNtCs9aNP7S1dQVS_9openhuman9companion8pipeline19fetch_backend_creds00B9_
FN:265,_RNCNCNvNtNtCs9aNP7S1dQVS_9openhuman9companion8pipeline19fetch_backend_creds0s0_0B9_
FN:266,_RNCNCNvNtNtCs9aNP7S1dQVS_9openhuman9companion8pipeline19fetch_backend_creds0s1_0B9_
FN:271,_RNCNCNvNtNtCs9aNP7S1dQVS_9openhuman9companion8pipeline19fetch_backend_creds0s2_0B9_
FN:274,_RNCNCNvNtNtCs9aNP7S1dQVS_9openhuman9companion8pipeline19fetch_backend_creds0s3_0B9_
FN:276,_RNCNCNvNtNtCs9aNP7S1dQVS_9openhuman9companion8pipeline19fetch_backend_creds0s4_0B9_
FN:277,_RNCNCNvNtNtCs9aNP7S1dQVS_9openhuman9companion8pipeline19fetch_backend_creds0s5_0B9_
FN:263,_RNCNCNvNtNtCs9aNP7S1dQVS_9openhuman9companion8pipeline19fetch_backend_creds0s_0B9_
FN:224,_RNCNCNvNtNtCs9aNP7S1dQVS_9openhuman9companion8pipeline3stt00B9_
FN:226,_RNCNCNvNtNtCs9aNP7S1dQVS_9openhuman9companion8pipeline3stt0s0_0B9_
FN:220,_RNCNCNvNtNtCs9aNP7S1dQVS_9openhuman9companion8pipeline3stt0s1_0B9_
FN:225,_RNCNCNvNtNtCs9aNP7S1dQVS_9openhuman9companion8pipeline3stt0s_0B9_
FN:246,_RNCNCNvNtNtCs9aNP7S1dQVS_9openhuman9companion8pipeline3tts00B9_
FN:298,_RNCNvNtNtCs9aNP7S1dQVS_9openhuman9companion8pipeline13llm_companion0B7_
FN:59,_RNCNvNtNtCs9aNP7S1dQVS_9openhuman9companion8pipeline13run_text_turn0B7_
FN:156,_RNCNvNtNtCs9aNP7S1dQVS_9openhuman9companion8pipeline14run_audio_turn0B7_
FN:257,_RNCNvNtNtCs9aNP7S1dQVS_9openhuman9companion8pipeline19fetch_backend_creds0B7_
FN:358,_RNCNvNtNtCs9aNP7S1dQVS_9openhuman9companion8pipeline28extract_chat_completion_text0B7_
FN:360,_RNCNvNtNtCs9aNP7S1dQVS_9openhuman9companion8pipeline28extract_chat_completion_texts0_0B7_
FN:361,_RNCNvNtNtCs9aNP7S1dQVS_9openhuman9companion8pipeline28extract_chat_completion_texts1_0B7_
FN:362,_RNCNvNtNtCs9aNP7S1dQVS_9openhuman9companion8pipeline28extract_chat_completion_texts2_0B7_
FN:363,_RNCNvNtNtCs9aNP7S1dQVS_9openhuman9companion8pipeline28extract_chat_completion_texts3_0B7_
FN:359,_RNCNvNtNtCs9aNP7S1dQVS_9openhuman9companion8pipeline28extract_chat_completion_texts_0B7_
FN:214,_RNCNvNtNtCs9aNP7S1dQVS_9openhuman9companion8pipeline3stt0B7_
FN:241,_RNCNvNtNtCs9aNP7S1dQVS_9openhuman9companion8pipeline3tts0B7_
FN:367,_RNvNtNtCs9aNP7S1dQVS_9openhuman9companion8pipeline12tail_history
FN:298,_RNvNtNtCs9aNP7S1dQVS_9openhuman9companion8pipeline13llm_companion
FN:59,_RNvNtNtCs9aNP7S1dQVS_9openhuman9companion8pipeline13run_text_turn
FN:152,_RNvNtNtCs9aNP7S1dQVS_9openhuman9companion8pipeline14run_audio_turn
FN:372,_RNvNtNtCs9aNP7S1dQVS_9openhuman9companion8pipeline16cancelled_result
FN:257,_RNvNtNtCs9aNP7S1dQVS_9openhuman9companion8pipeline19fetch_backend_creds
FN:229,_RNvNtNtCs9aNP7S1dQVS_9openhuman9companion8pipeline19stt_dispatch_params
FN:251,_RNvNtNtCs9aNP7S1dQVS_9openhuman9companion8pipeline19tts_dispatch_params
FN:349,_RNvNtNtCs9aNP7S1dQVS_9openhuman9companion8pipeline23companion_chat_endpoint
FN:356,_RNvNtNtCs9aNP7S1dQVS_9openhuman9companion8pipeline28extract_chat_completion_text
FN:214,_RNvNtNtCs9aNP7S1dQVS_9openhuman9companion8pipeline3stt
FN:241,_RNvNtNtCs9aNP7S1dQVS_9openhuman9companion8pipeline3tts
FN:324,_RNCNCNvNtNtCs90f7PWMcWms_9openhuman9companion8pipeline13llm_companion00B9_
FN:339,_RNCNCNvNtNtCs90f7PWMcWms_9openhuman9companion8pipeline13llm_companion0s0_0B9_
FN:346,_RNCNCNvNtNtCs90f7PWMcWms_9openhuman9companion8pipeline13llm_companion0s1_0B9_
FN:333,_RNCNCNvNtNtCs90f7PWMcWms_9openhuman9companion8pipeline13llm_companion0s_0B9_
FN:260,_RNCNCNvNtNtCs90f7PWMcWms_9openhuman9companion8pipeline19fetch_backend_creds00B9_
FN:265,_RNCNCNvNtNtCs90f7PWMcWms_9openhuman9companion8pipeline19fetch_backend_creds0s0_0B9_
FN:266,_RNCNCNvNtNtCs90f7PWMcWms_9openhuman9companion8pipeline19fetch_backend_creds0s1_0B9_
FN:271,_RNCNCNvNtNtCs90f7PWMcWms_9openhuman9companion8pipeline19fetch_backend_creds0s2_0B9_
FN:274,_RNCNCNvNtNtCs90f7PWMcWms_9openhuman9companion8pipeline19fetch_backend_creds0s3_0B9_
FN:276,_RNCNCNvNtNtCs90f7PWMcWms_9openhuman9companion8pipeline19fetch_backend_creds0s4_0B9_
FN:277,_RNCNCNvNtNtCs90f7PWMcWms_9openhuman9companion8pipeline19fetch_backend_creds0s5_0B9_
FN:263,_RNCNCNvNtNtCs90f7PWMcWms_9openhuman9companion8pipeline19fetch_backend_creds0s_0B9_
FN:224,_RNCNCNvNtNtCs90f7PWMcWms_9openhuman9companion8pipeline3stt00B9_
FN:226,_RNCNCNvNtNtCs90f7PWMcWms_9openhuman9companion8pipeline3stt0s0_0B9_
FN:220,_RNCNCNvNtNtCs90f7PWMcWms_9openhuman9companion8pipeline3stt0s1_0B9_
FN:225,_RNCNCNvNtNtCs90f7PWMcWms_9openhuman9companion8pipeline3stt0s_0B9_
FN:246,_RNCNCNvNtNtCs90f7PWMcWms_9openhuman9companion8pipeline3tts00B9_
FN:298,_RNCNvNtNtCs90f7PWMcWms_9openhuman9companion8pipeline13llm_companion0B7_
FN:59,_RNCNvNtNtCs90f7PWMcWms_9openhuman9companion8pipeline13run_text_turn0B7_
FN:156,_RNCNvNtNtCs90f7PWMcWms_9openhuman9companion8pipeline14run_audio_turn0B7_
FN:257,_RNCNvNtNtCs90f7PWMcWms_9openhuman9companion8pipeline19fetch_backend_creds0B7_
FN:358,_RNCNvNtNtCs90f7PWMcWms_9openhuman9companion8pipeline28extract_chat_completion_text0B7_
FN:360,_RNCNvNtNtCs90f7PWMcWms_9openhuman9companion8pipeline28extract_chat_completion_texts0_0B7_
FN:361,_RNCNvNtNtCs90f7PWMcWms_9openhuman9companion8pipeline28extract_chat_completion_texts1_0B7_
FN:362,_RNCNvNtNtCs90f7PWMcWms_9openhuman9companion8pipeline28extract_chat_completion_texts2_0B7_
FN:363,_RNCNvNtNtCs90f7PWMcWms_9openhuman9companion8pipeline28extract_chat_completion_texts3_0B7_
FN:359,_RNCNvNtNtCs90f7PWMcWms_9openhuman9companion8pipeline28extract_chat_completion_texts_0B7_
FN:214,_RNCNvNtNtCs90f7PWMcWms_9openhuman9companion8pipeline3stt0B7_
FN:241,_RNCNvNtNtCs90f7PWMcWms_9openhuman9companion8pipeline3tts0B7_
FN:367,_RNvNtNtCs90f7PWMcWms_9openhuman9companion8pipeline12tail_history
FN:298,_RNvNtNtCs90f7PWMcWms_9openhuman9companion8pipeline13llm_companion
FN:59,_RNvNtNtCs90f7PWMcWms_9openhuman9companion8pipeline13run_text_turn
FN:152,_RNvNtNtCs90f7PWMcWms_9openhuman9companion8pipeline14run_audio_turn
FN:372,_RNvNtNtCs90f7PWMcWms_9openhuman9companion8pipeline16cancelled_result
FN:257,_RNvNtNtCs90f7PWMcWms_9openhuman9companion8pipeline19fetch_backend_creds
FN:229,_RNvNtNtCs90f7PWMcWms_9openhuman9companion8pipeline19stt_dispatch_params
FN:251,_RNvNtNtCs90f7PWMcWms_9openhuman9companion8pipeline19tts_dispatch_params
FN:349,_RNvNtNtCs90f7PWMcWms_9openhuman9companion8pipeline23companion_chat_endpoint
FN:356,_RNvNtNtCs90f7PWMcWms_9openhuman9companion8pipeline28extract_chat_completion_text
FN:214,_RNvNtNtCs90f7PWMcWms_9openhuman9companion8pipeline3stt
FN:241,_RNvNtNtCs90f7PWMcWms_9openhuman9companion8pipeline3tts
FNDA:0,_RNCNCNvNtNtCs9aNP7S1dQVS_9openhuman9companion8pipeline13llm_companion00B9_
FNDA:0,_RNCNCNvNtNtCs9aNP7S1dQVS_9openhuman9companion8pipeline13llm_companion0s0_0B9_
FNDA:0,_RNCNCNvNtNtCs9aNP7S1dQVS_9openhuman9companion8pipeline13llm_companion0s1_0B9_
FNDA:0,_RNCNCNvNtNtCs9aNP7S1dQVS_9openhuman9companion8pipeline13llm_companion0s_0B9_
FNDA:0,_RNCNCNvNtNtCs9aNP7S1dQVS_9openhuman9companion8pipeline19fetch_backend_creds00B9_
FNDA:0,_RNCNCNvNtNtCs9aNP7S1dQVS_9openhuman9companion8pipeline19fetch_backend_creds0s0_0B9_
FNDA:0,_RNCNCNvNtNtCs9aNP7S1dQVS_9openhuman9companion8pipeline19fetch_backend_creds0s1_0B9_
FNDA:0,_RNCNCNvNtNtCs9aNP7S1dQVS_9openhuman9companion8pipeline19fetch_backend_creds0s2_0B9_
FNDA:0,_RNCNCNvNtNtCs9aNP7S1dQVS_9openhuman9companion8pipeline19fetch_backend_creds0s3_0B9_
FNDA:0,_RNCNCNvNtNtCs9aNP7S1dQVS_9openhuman9companion8pipeline19fetch_backend_creds0s4_0B9_
FNDA:0,_RNCNCNvNtNtCs9aNP7S1dQVS_9openhuman9companion8pipeline19fetch_backend_creds0s5_0B9_
FNDA:0,_RNCNCNvNtNtCs9aNP7S1dQVS_9openhuman9companion8pipeline19fetch_backend_creds0s_0B9_
FNDA:0,_RNCNCNvNtNtCs9aNP7S1dQVS_9openhuman9companion8pipeline3stt00B9_
FNDA:0,_RNCNCNvNtNtCs9aNP7S1dQVS_9openhuman9companion8pipeline3stt0s0_0B9_
FNDA:0,_RNCNCNvNtNtCs9aNP7S1dQVS_9openhuman9companion8pipeline3stt0s1_0B9_
FNDA:0,_RNCNCNvNtNtCs9aNP7S1dQVS_9openhuman9companion8pipeline3stt0s_0B9_
FNDA:0,_RNCNCNvNtNtCs9aNP7S1dQVS_9openhuman9companion8pipeline3tts00B9_
FNDA:0,_RNCNvNtNtCs9aNP7S1dQVS_9openhuman9companion8pipeline13llm_companion0B7_
FNDA:0,_RNCNvNtNtCs9aNP7S1dQVS_9openhuman9companion8pipeline13run_text_turn0B7_
FNDA:0,_RNCNvNtNtCs9aNP7S1dQVS_9openhuman9companion8pipeline14run_audio_turn0B7_
FNDA:0,_RNCNvNtNtCs9aNP7S1dQVS_9openhuman9companion8pipeline19fetch_backend_creds0B7_
FNDA:0,_RNCNvNtNtCs9aNP7S1dQVS_9openhuman9companion8pipeline28extract_chat_completion_text0B7_
FNDA:0,_RNCNvNtNtCs9aNP7S1dQVS_9openhuman9companion8pipeline28extract_chat_completion_texts0_0B7_
FNDA:0,_RNCNvNtNtCs9aNP7S1dQVS_9openhuman9companion8pipeline28extract_chat_completion_texts1_0B7_
FNDA:0,_RNCNvNtNtCs9aNP7S1dQVS_9openhuman9companion8pipeline28extract_chat_completion_texts2_0B7_
FNDA:0,_RNCNvNtNtCs9aNP7S1dQVS_9openhuman9companion8pipeline28extract_chat_completion_texts3_0B7_
FNDA:0,_RNCNvNtNtCs9aNP7S1dQVS_9openhuman9companion8pipeline28extract_chat_completion_texts_0B7_
FNDA:0,_RNCNvNtNtCs9aNP7S1dQVS_9openhuman9companion8pipeline3stt0B7_
FNDA:0,_RNCNvNtNtCs9aNP7S1dQVS_9openhuman9companion8pipeline3tts0B7_
FNDA:0,_RNvNtNtCs9aNP7S1dQVS_9openhuman9companion8pipeline12tail_history
FNDA:0,_RNvNtNtCs9aNP7S1dQVS_9openhuman9companion8pipeline13llm_companion
FNDA:0,_RNvNtNtCs9aNP7S1dQVS_9openhuman9companion8pipeline13run_text_turn
FNDA:0,_RNvNtNtCs9aNP7S1dQVS_9openhuman9companion8pipeline14run_audio_turn
FNDA:0,_RNvNtNtCs9aNP7S1dQVS_9openhuman9companion8pipeline16cancelled_result
FNDA:0,_RNvNtNtCs9aNP7S1dQVS_9openhuman9companion8pipeline19fetch_backend_creds
FNDA:0,_RNvNtNtCs9aNP7S1dQVS_9openhuman9companion8pipeline19stt_dispatch_params
FNDA:0,_RNvNtNtCs9aNP7S1dQVS_9openhuman9companion8pipeline19tts_dispatch_params
FNDA:0,_RNvNtNtCs9aNP7S1dQVS_9openhuman9companion8pipeline23companion_chat_endpoint
FNDA:0,_RNvNtNtCs9aNP7S1dQVS_9openhuman9companion8pipeline28extract_chat_completion_text
FNDA:0,_RNvNtNtCs9aNP7S1dQVS_9openhuman9companion8pipeline3stt
FNDA:0,_RNvNtNtCs9aNP7S1dQVS_9openhuman9companion8pipeline3tts
FNDA:0,_RNCNCNvNtNtCs90f7PWMcWms_9openhuman9companion8pipeline13llm_companion00B9_
FNDA:0,_RNCNCNvNtNtCs90f7PWMcWms_9openhuman9companion8pipeline13llm_companion0s0_0B9_
FNDA:0,_RNCNCNvNtNtCs90f7PWMcWms_9openhuman9companion8pipeline13llm_companion0s1_0B9_
FNDA:0,_RNCNCNvNtNtCs90f7PWMcWms_9openhuman9companion8pipeline13llm_companion0s_0B9_
FNDA:0,_RNCNCNvNtNtCs90f7PWMcWms_9openhuman9companion8pipeline19fetch_backend_creds00B9_
FNDA:0,_RNCNCNvNtNtCs90f7PWMcWms_9openhuman9companion8pipeline19fetch_backend_creds0s0_0B9_
FNDA:0,_RNCNCNvNtNtCs90f7PWMcWms_9openhuman9companion8pipeline19fetch_backend_creds0s1_0B9_
FNDA:0,_RNCNCNvNtNtCs90f7PWMcWms_9openhuman9companion8pipeline19fetch_backend_creds0s2_0B9_
FNDA:0,_RNCNCNvNtNtCs90f7PWMcWms_9openhuman9companion8pipeline19fetch_backend_creds0s3_0B9_
FNDA:0,_RNCNCNvNtNtCs90f7PWMcWms_9openhuman9companion8pipeline19fetch_backend_creds0s4_0B9_
FNDA:0,_RNCNCNvNtNtCs90f7PWMcWms_9openhuman9companion8pipeline19fetch_backend_creds0s5_0B9_
FNDA:0,_RNCNCNvNtNtCs90f7PWMcWms_9openhuman9companion8pipeline19fetch_backend_creds0s_0B9_
FNDA:0,_RNCNCNvNtNtCs90f7PWMcWms_9openhuman9companion8pipeline3stt00B9_
FNDA:0,_RNCNCNvNtNtCs90f7PWMcWms_9openhuman9companion8pipeline3stt0s0_0B9_
FNDA:0,_RNCNCNvNtNtCs90f7PWMcWms_9openhuman9companion8pipeline3stt0s1_0B9_
FNDA:0,_RNCNCNvNtNtCs90f7PWMcWms_9openhuman9companion8pipeline3stt0s_0B9_
FNDA:0,_RNCNCNvNtNtCs90f7PWMcWms_9openhuman9companion8pipeline3tts00B9_
FNDA:0,_RNCNvNtNtCs90f7PWMcWms_9openhuman9companion8pipeline13llm_companion0B7_
FNDA:3,_RNCNvNtNtCs90f7PWMcWms_9openhuman9companion8pipeline13run_text_turn0B7_
FNDA:1,_RNCNvNtNtCs90f7PWMcWms_9openhuman9companion8pipeline14run_audio_turn0B7_
FNDA:0,_RNCNvNtNtCs90f7PWMcWms_9openhuman9companion8pipeline19fetch_backend_creds0B7_
FNDA:2,_RNCNvNtNtCs90f7PWMcWms_9openhuman9companion8pipeline28extract_chat_completion_text0B7_
FNDA:1,_RNCNvNtNtCs90f7PWMcWms_9openhuman9companion8pipeline28extract_chat_completion_texts0_0B7_
FNDA:1,_RNCNvNtNtCs90f7PWMcWms_9openhuman9companion8pipeline28extract_chat_completion_texts1_0B7_
FNDA:1,_RNCNvNtNtCs90f7PWMcWms_9openhuman9companion8pipeline28extract_chat_completion_texts2_0B7_
FNDA:1,_RNCNvNtNtCs90f7PWMcWms_9openhuman9companion8pipeline28extract_chat_completion_texts3_0B7_
FNDA:2,_RNCNvNtNtCs90f7PWMcWms_9openhuman9companion8pipeline28extract_chat_completion_texts_0B7_
FNDA:0,_RNCNvNtNtCs90f7PWMcWms_9openhuman9companion8pipeline3stt0B7_
FNDA:0,_RNCNvNtNtCs90f7PWMcWms_9openhuman9companion8pipeline3tts0B7_
FNDA:3,_RNvNtNtCs90f7PWMcWms_9openhuman9companion8pipeline12tail_history
FNDA:0,_RNvNtNtCs90f7PWMcWms_9openhuman9companion8pipeline13llm_companion
FNDA:3,_RNvNtNtCs90f7PWMcWms_9openhuman9companion8pipeline13run_text_turn
FNDA:1,_RNvNtNtCs90f7PWMcWms_9openhuman9companion8pipeline14run_audio_turn
FNDA:2,_RNvNtNtCs90f7PWMcWms_9openhuman9companion8pipeline16cancelled_result
FNDA:0,_RNvNtNtCs90f7PWMcWms_9openhuman9companion8pipeline19fetch_backend_creds
FNDA:1,_RNvNtNtCs90f7PWMcWms_9openhuman9companion8pipeline19stt_dispatch_params
FNDA:1,_RNvNtNtCs90f7PWMcWms_9openhuman9companion8pipeline19tts_dispatch_params
FNDA:1,_RNvNtNtCs90f7PWMcWms_9openhuman9companion8pipeline23companion_chat_endpoint
FNDA:4,_RNvNtNtCs90f7PWMcWms_9openhuman9companion8pipeline28extract_chat_completion_text
FNDA:0,_RNvNtNtCs90f7PWMcWms_9openhuman9companion8pipeline3stt
FNDA:0,_RNvNtNtCs90f7PWMcWms_9openhuman9companion8pipeline3tts
FNF:41
FNH:16
DA:59,3
DA:60,3
DA:61,3
DA:62,2
DA:63,1
DA:65,1
DA:68,1
DA:70,1
DA:71,1
DA:72,0
DA:75,0
DA:76,0
DA:79,0
DA:80,0
DA:81,0
DA:82,0
DA:83,0
DA:84,0
DA:85,0
DA:86,0
DA:87,0
DA:91,0
DA:92,0
DA:93,0
DA:95,0
DA:98,0
DA:99,0
DA:100,0
DA:101,0
DA:102,0
DA:103,0
DA:104,0
DA:105,0
DA:106,0
DA:107,0
DA:108,0
DA:109,0
DA:110,0
DA:113,0
DA:114,0
DA:115,0
DA:117,0
DA:118,0
DA:120,0
DA:121,0
DA:122,0
DA:126,0
DA:129,0
DA:130,0
DA:131,0
DA:134,0
DA:136,0
DA:137,0
DA:138,0
DA:139,0
DA:140,0
DA:141,0
DA:143,0
DA:144,0
DA:145,3
DA:152,1
DA:153,1
DA:154,1
DA:155,1
DA:156,1
DA:157,1
DA:158,1
DA:159,0
DA:160,1
DA:161,1
DA:162,1
DA:163,1
DA:164,0
DA:166,0
DA:168,0
DA:172,0
DA:173,0
DA:174,0
DA:177,0
DA:178,0
DA:179,0
DA:181,0
DA:182,0
DA:183,0
DA:184,0
DA:185,0
DA:186,0
DA:187,0
DA:188,0
DA:189,0
DA:191,0
DA:192,0
DA:193,0
DA:194,0
DA:195,0
DA:196,0
DA:197,0
DA:198,0
DA:202,0
DA:205,0
DA:206,1
DA:214,0
DA:215,0
DA:216,0
DA:217,0
DA:218,0
DA:220,0
DA:222,0
DA:223,0
DA:224,0
DA:225,0
DA:226,0
DA:227,0
DA:229,1
DA:230,1
DA:231,1
DA:232,1
DA:233,1
DA:235,1
DA:241,0
DA:242,0
DA:243,0
DA:244,0
DA:246,0
DA:248,0
DA:249,0
DA:251,1
DA:252,1
DA:253,1
DA:257,0
DA:258,0
DA:259,0
DA:260,0
DA:261,0
DA:262,0
DA:263,0
DA:264,0
DA:265,0
DA:266,0
DA:267,0
DA:269,0
DA:270,0
DA:271,0
DA:272,0
DA:273,0
DA:274,0
DA:275,0
DA:276,0
DA:277,0
DA:278,0
DA:280,0
DA:281,0
DA:298,0
DA:299,0
DA:300,0
DA:302,0
DA:304,0
DA:307,0
DA:308,0
DA:309,0
DA:312,0
DA:314,0
DA:315,0
DA:316,0
DA:317,0
DA:318,0
DA:321,0
DA:322,0
DA:323,0
DA:324,0
DA:326,0
DA:327,0
DA:328,0
DA:329,0
DA:330,0
DA:331,0
DA:332,0
DA:333,0
DA:335,0
DA:336,0
DA:337,0
DA:338,0
DA:339,0
DA:341,0
DA:342,0
DA:343,0
DA:345,0
DA:346,0
DA:347,0
DA:349,1
DA:350,1
DA:352,1
DA:354,1
DA:356,4
DA:357,4
DA:358,4
DA:359,4
DA:360,4
DA:361,4
DA:362,4
DA:363,4
DA:364,4
DA:367,3
DA:368,3
DA:369,3
DA:370,3
DA:372,2
DA:374,2
DA:375,2
DA:376,2
DA:377,2
DA:378,2
DA:379,2
DA:380,2
DA:381,2
DA:382,2
BRF:0
BRH:0
LF:245
LH:66
end_of_record
SF:/home/enamakel/work/workflow-openhuman/openhuman/app/src-tauri/src/companion/session.rs
FN:119,_RNCNvNtNtCs9aNP7S1dQVS_9openhuman9companion7session12stop_session0B7_
FN:60,_RNCNvNtNtCs9aNP7S1dQVS_9openhuman9companion7session13start_session0B7_
FN:186,_RNCNvNtNtCs9aNP7S1dQVS_9openhuman9companion7session14session_status0B7_
FN:222,_RNCNvNtNtCs9aNP7S1dQVS_9openhuman9companion7session16transition_state0B7_
FN:152,_RNCNvNtNtCs9aNP7S1dQVS_9openhuman9companion7session18session_is_expireds_0B7_
FN:163,_RNCNvNtNtCs9aNP7S1dQVS_9openhuman9companion7session24expire_session_if_needed0B7_
FN:278,_RNvNtNtCs9aNP7S1dQVS_9openhuman9companion7session11finish_turn
FN:110,_RNvNtNtCs9aNP7S1dQVS_9openhuman9companion7session12stop_session
FN:46,_RNvNtNtCs9aNP7S1dQVS_9openhuman9companion7session13start_session
FN:181,_RNvNtNtCs9aNP7S1dQVS_9openhuman9companion7session14session_status
FN:217,_RNvNtNtCs9aNP7S1dQVS_9openhuman9companion7session16transition_state
FN:147,_RNvNtNtCs9aNP7S1dQVS_9openhuman9companion7session18session_is_expired
FN:353,_RNvNtNtCs9aNP7S1dQVS_9openhuman9companion7session19is_valid_transition
FN:333,_RNvNtNtCs9aNP7S1dQVS_9openhuman9companion7session20conversation_history
FN:302,_RNvNtNtCs9aNP7S1dQVS_9openhuman9companion7session21finish_listening_turn
FN:317,_RNvNtNtCs9aNP7S1dQVS_9openhuman9companion7session22push_conversation_turn
FN:156,_RNvNtNtCs9aNP7S1dQVS_9openhuman9companion7session24expire_session_if_needed
FN:262,_RNvNtNtCs9aNP7S1dQVS_9openhuman9companion7session24recover_after_turn_error
FN:119,_RNCNvNtNtCs90f7PWMcWms_9openhuman9companion7session12stop_session0B7_
FN:60,_RNCNvNtNtCs90f7PWMcWms_9openhuman9companion7session13start_session0B7_
FN:186,_RNCNvNtNtCs90f7PWMcWms_9openhuman9companion7session14session_status0B7_
FN:393,_RNCNvNtNtCs90f7PWMcWms_9openhuman9companion7session15lock_test_state0B7_
FN:222,_RNCNvNtNtCs90f7PWMcWms_9openhuman9companion7session16transition_state0B7_
FN:163,_RNCNvNtNtCs90f7PWMcWms_9openhuman9companion7session24expire_session_if_needed0B7_
FN:278,_RNvNtNtCs90f7PWMcWms_9openhuman9companion7session11finish_turn
FN:110,_RNvNtNtCs90f7PWMcWms_9openhuman9companion7session12stop_session
FN:46,_RNvNtNtCs90f7PWMcWms_9openhuman9companion7session13start_session
FN:374,_RNvNtNtCs90f7PWMcWms_9openhuman9companion7session14reset_for_test
FN:181,_RNvNtNtCs90f7PWMcWms_9openhuman9companion7session14session_status
FN:392,_RNvNtNtCs90f7PWMcWms_9openhuman9companion7session15lock_test_state
FN:217,_RNvNtNtCs90f7PWMcWms_9openhuman9companion7session16transition_state
FN:353,_RNvNtNtCs90f7PWMcWms_9openhuman9companion7session19is_valid_transition
FN:333,_RNvNtNtCs90f7PWMcWms_9openhuman9companion7session20conversation_history
FN:302,_RNvNtNtCs90f7PWMcWms_9openhuman9companion7session21finish_listening_turn
FN:317,_RNvNtNtCs90f7PWMcWms_9openhuman9companion7session22push_conversation_turn
FN:156,_RNvNtNtCs90f7PWMcWms_9openhuman9companion7session24expire_session_if_needed
FN:262,_RNvNtNtCs90f7PWMcWms_9openhuman9companion7session24recover_after_turn_error
FN:152,_RNCNvNtNtCs90f7PWMcWms_9openhuman9companion7session18session_is_expireds_0B7_
FN:147,_RNvNtNtCs90f7PWMcWms_9openhuman9companion7session18session_is_expired
FNDA:0,_RNCNvNtNtCs9aNP7S1dQVS_9openhuman9companion7session12stop_session0B7_
FNDA:0,_RNCNvNtNtCs9aNP7S1dQVS_9openhuman9companion7session13start_session0B7_
FNDA:0,_RNCNvNtNtCs9aNP7S1dQVS_9openhuman9companion7session14session_status0B7_
FNDA:0,_RNCNvNtNtCs9aNP7S1dQVS_9openhuman9companion7session16transition_state0B7_
FNDA:0,_RNCNvNtNtCs9aNP7S1dQVS_9openhuman9companion7session18session_is_expireds_0B7_
FNDA:0,_RNCNvNtNtCs9aNP7S1dQVS_9openhuman9companion7session24expire_session_if_needed0B7_
FNDA:0,_RNvNtNtCs9aNP7S1dQVS_9openhuman9companion7session11finish_turn
FNDA:0,_RNvNtNtCs9aNP7S1dQVS_9openhuman9companion7session12stop_session
FNDA:0,_RNvNtNtCs9aNP7S1dQVS_9openhuman9companion7session13start_session
FNDA:0,_RNvNtNtCs9aNP7S1dQVS_9openhuman9companion7session14session_status
FNDA:0,_RNvNtNtCs9aNP7S1dQVS_9openhuman9companion7session16transition_state
FNDA:0,_RNvNtNtCs9aNP7S1dQVS_9openhuman9companion7session18session_is_expired
FNDA:0,_RNvNtNtCs9aNP7S1dQVS_9openhuman9companion7session19is_valid_transition
FNDA:0,_RNvNtNtCs9aNP7S1dQVS_9openhuman9companion7session20conversation_history
FNDA:0,_RNvNtNtCs9aNP7S1dQVS_9openhuman9companion7session21finish_listening_turn
FNDA:0,_RNvNtNtCs9aNP7S1dQVS_9openhuman9companion7session22push_conversation_turn
FNDA:0,_RNvNtNtCs9aNP7S1dQVS_9openhuman9companion7session24expire_session_if_needed
FNDA:0,_RNvNtNtCs9aNP7S1dQVS_9openhuman9companion7session24recover_after_turn_error
FNDA:1,_RNCNvNtNtCs90f7PWMcWms_9openhuman9companion7session12stop_session0B7_
FNDA:2,_RNCNvNtNtCs90f7PWMcWms_9openhuman9companion7session13start_session0B7_
FNDA:10,_RNCNvNtNtCs90f7PWMcWms_9openhuman9companion7session14session_status0B7_
FNDA:0,_RNCNvNtNtCs90f7PWMcWms_9openhuman9companion7session15lock_test_state0B7_
FNDA:1,_RNCNvNtNtCs90f7PWMcWms_9openhuman9companion7session16transition_state0B7_
FNDA:1,_RNCNvNtNtCs90f7PWMcWms_9openhuman9companion7session24expire_session_if_needed0B7_
FNDA:3,_RNvNtNtCs90f7PWMcWms_9openhuman9companion7session11finish_turn
FNDA:4,_RNvNtNtCs90f7PWMcWms_9openhuman9companion7session12stop_session
FNDA:32,_RNvNtNtCs90f7PWMcWms_9openhuman9companion7session13start_session
FNDA:68,_RNvNtNtCs90f7PWMcWms_9openhuman9companion7session14reset_for_test
FNDA:12,_RNvNtNtCs90f7PWMcWms_9openhuman9companion7session14session_status
FNDA:34,_RNvNtNtCs90f7PWMcWms_9openhuman9companion7session15lock_test_state
FNDA:36,_RNvNtNtCs90f7PWMcWms_9openhuman9companion7session16transition_state
FNDA:36,_RNvNtNtCs90f7PWMcWms_9openhuman9companion7session19is_valid_transition
FNDA:3,_RNvNtNtCs90f7PWMcWms_9openhuman9companion7session20conversation_history
FNDA:1,_RNvNtNtCs90f7PWMcWms_9openhuman9companion7session21finish_listening_turn
FNDA:62,_RNvNtNtCs90f7PWMcWms_9openhuman9companion7session22push_conversation_turn
FNDA:1,_RNvNtNtCs90f7PWMcWms_9openhuman9companion7session24expire_session_if_needed
FNDA:2,_RNvNtNtCs90f7PWMcWms_9openhuman9companion7session24recover_after_turn_error
FNDA:0,_RNCNvNtNtCs90f7PWMcWms_9openhuman9companion7session18session_is_expireds_0B7_
FNDA:0,_RNvNtNtCs90f7PWMcWms_9openhuman9companion7session18session_is_expired
FNF:21
FNH:18
DA:46,32
DA:47,32
DA:48,32
DA:49,32
DA:50,1
DA:51,1
DA:52,31
DA:54,31
DA:55,31
DA:57,2
DA:58,2
DA:59,2
DA:60,2
DA:61,2
DA:62,2
DA:63,1
DA:64,1
DA:65,1
DA:67,1
DA:69,29
DA:71,30
DA:72,30
DA:73,30
DA:74,30
DA:76,30
DA:77,30
DA:78,30
DA:79,29
DA:81,1
DA:83,30
DA:85,30
DA:90,30
DA:91,30
DA:92,30
DA:93,30
DA:94,30
DA:95,30
DA:96,30
DA:97,30
DA:98,30
DA:99,30
DA:100,30
DA:102,30
DA:103,30
DA:104,30
DA:105,30
DA:106,30
DA:107,32
DA:110,4
DA:111,4
DA:112,4
DA:113,4
DA:114,4
DA:115,3
DA:116,3
DA:117,3
DA:118,3
DA:119,3
DA:120,3
DA:121,3
DA:122,3
DA:125,3
DA:126,3
DA:127,3
DA:128,1
DA:129,2
DA:131,3
DA:132,3
DA:133,3
DA:134,3
DA:137,1
DA:138,1
DA:139,1
DA:140,1
DA:141,1
DA:144,4
DA:147,0
DA:148,0
DA:149,0
DA:150,0
DA:151,0
DA:152,0
DA:153,0
DA:156,1
DA:157,1
DA:158,1
DA:159,0
DA:161,1
DA:162,1
DA:163,1
DA:164,1
DA:165,0
DA:166,1
DA:168,1
DA:169,1
DA:170,1
DA:171,1
DA:172,1
DA:173,1
DA:174,1
DA:175,1
DA:176,1
DA:177,1
DA:178,1
DA:181,12
DA:182,12
DA:183,12
DA:184,10
DA:185,10
DA:186,10
DA:188,10
DA:189,10
DA:190,10
DA:191,10
DA:192,10
DA:193,10
DA:194,10
DA:195,10
DA:196,10
DA:197,10
DA:199,2
DA:200,2
DA:201,2
DA:202,2
DA:203,2
DA:204,2
DA:205,2
DA:206,2
DA:207,2
DA:208,2
DA:210,12
DA:217,36
DA:218,36
DA:219,36
DA:220,36
DA:221,36
DA:222,36
DA:223,1
DA:224,1
DA:225,1
DA:227,35
DA:230,35
DA:231,3
DA:235,3
DA:236,3
DA:237,3
DA:238,3
DA:239,32
DA:241,32
DA:246,32
DA:248,32
DA:249,4
DA:250,28
DA:252,32
DA:253,32
DA:255,32
DA:257,32
DA:258,36
DA:262,2
DA:263,2
DA:264,2
DA:265,0
DA:266,2
DA:267,2
DA:268,2
DA:269,2
DA:270,2
DA:271,2
DA:278,3
DA:279,3
DA:280,3
DA:281,1
DA:283,1
DA:284,2
DA:287,1
DA:288,1
DA:289,1
DA:290,1
DA:291,0
DA:292,1
DA:293,1
DA:294,1
DA:295,1
DA:296,1
DA:297,3
DA:302,1
DA:303,1
DA:304,1
DA:305,0
DA:307,1
DA:308,0
DA:309,1
DA:310,1
DA:311,1
DA:312,1
DA:313,1
DA:314,1
DA:317,62
DA:318,62
DA:319,62
DA:321,61
DA:324,61
DA:325,10
DA:326,10
DA:327,51
DA:329,61
DA:330,62
DA:333,3
DA:334,3
DA:335,3
DA:336,2
DA:337,1
DA:339,3
DA:353,36
DA:355,36
DA:356,4
DA:357,32
DA:359,3
DA:360,32
DA:370,36
DA:374,68
DA:375,68
DA:376,68
DA:377,68
DA:392,34
DA:393,34
DA:394,34
BRF:0
BRH:0
LF:235
LH:220
end_of_record
SF:/home/enamakel/work/workflow-openhuman/openhuman/app/src-tauri/src/companion/types.rs
FN:75,_RNvNtNtCs9aNP7S1dQVS_9openhuman9companion5types14default_hotkey
FN:81,_RNvNtNtCs9aNP7S1dQVS_9openhuman9companion5types16default_ttl_secs
FN:78,_RNvNtNtCs9aNP7S1dQVS_9openhuman9companion5types23default_activation_mode
FN:29,_RNvXNtNtCs9aNP7S1dQVS_9openhuman9companion5typesNtB2_14CompanionStateNtNtCs3BFokC4QLxY_4core3fmt7Display3fmt
FN:66,_RNvXs_NtNtCs9aNP7S1dQVS_9openhuman9companion5typesNtB4_15CompanionConfigNtNtCs3BFokC4QLxY_4core7default7Default7default
FN:75,_RNvNtNtCs90f7PWMcWms_9openhuman9companion5types14default_hotkey
FN:81,_RNvNtNtCs90f7PWMcWms_9openhuman9companion5types16default_ttl_secs
FN:78,_RNvNtNtCs90f7PWMcWms_9openhuman9companion5types23default_activation_mode
FN:29,_RNvXNtNtCs90f7PWMcWms_9openhuman9companion5typesNtB2_14CompanionStateNtNtCs3BFokC4QLxY_4core3fmt7Display3fmt
FN:66,_RNvXs_NtNtCs90f7PWMcWms_9openhuman9companion5typesNtB4_15CompanionConfigNtNtCs3BFokC4QLxY_4core7default7Default7default
FNDA:0,_RNvNtNtCs9aNP7S1dQVS_9openhuman9companion5types14default_hotkey
FNDA:0,_RNvNtNtCs9aNP7S1dQVS_9openhuman9companion5types16default_ttl_secs
FNDA:0,_RNvNtNtCs9aNP7S1dQVS_9openhuman9companion5types23default_activation_mode
FNDA:0,_RNvXNtNtCs9aNP7S1dQVS_9openhuman9companion5typesNtB2_14CompanionStateNtNtCs3BFokC4QLxY_4core3fmt7Display3fmt
FNDA:0,_RNvXs_NtNtCs9aNP7S1dQVS_9openhuman9companion5typesNtB4_15CompanionConfigNtNtCs3BFokC4QLxY_4core7default7Default7default
FNDA:30,_RNvNtNtCs90f7PWMcWms_9openhuman9companion5types14default_hotkey
FNDA:30,_RNvNtNtCs90f7PWMcWms_9openhuman9companion5types16default_ttl_secs
FNDA:30,_RNvNtNtCs90f7PWMcWms_9openhuman9companion5types23default_activation_mode
FNDA:6,_RNvXNtNtCs90f7PWMcWms_9openhuman9companion5typesNtB2_14CompanionStateNtNtCs3BFokC4QLxY_4core3fmt7Display3fmt
FNDA:30,_RNvXs_NtNtCs90f7PWMcWms_9openhuman9companion5typesNtB4_15CompanionConfigNtNtCs3BFokC4QLxY_4core7default7Default7default
FNF:5
FNH:5
DA:29,6
DA:30,6
DA:31,3
DA:32,0
DA:33,2
DA:34,1
DA:35,0
DA:37,6
DA:66,30
DA:67,30
DA:68,30
DA:69,30
DA:70,30
DA:71,30
DA:72,30
DA:75,30
DA:76,30
DA:77,30
DA:78,30
DA:79,30
DA:80,30
DA:81,30
DA:82,30
DA:83,30
BRF:0
BRH:0
LF:24
LH:22
end_of_record
SF:/home/enamakel/work/workflow-openhuman/openhuman/app/src-tauri/src/companion_commands.rs
FN:21,_RNCNCNCNvCs9aNP7S1dQVS_9openhuman3runs8_0sA_00B7_
FN:143,_RNCNCNCNvCs9aNP7S1dQVS_9openhuman3runs8_0sy_00B7_
FN:137,_RNCNCNCNvCs9aNP7S1dQVS_9openhuman3runs8_0sz_00B7_
FN:43,_RNCNCNCNvNtCs9aNP7S1dQVS_9openhuman18companion_commands25register_companion_hotkey000B9_
FN:56,_RNCNCNCNvNtCs9aNP7S1dQVS_9openhuman18companion_commands25register_companion_hotkey00s_0B9_
FN:147,_RNCNCNvNtCs9aNP7S1dQVS_9openhuman18companion_commands18companion_activate00B7_
FN:40,_RNCNCNvNtCs9aNP7S1dQVS_9openhuman18companion_commands25register_companion_hotkey00B7_
FN:144,_RNCNvNtCs9aNP7S1dQVS_9openhuman18companion_commands18companion_activate0B5_
FN:25,_RNCNvNtCs9aNP7S1dQVS_9openhuman18companion_commands25register_companion_hotkey0B5_
FN:138,_RNCNvNtCs9aNP7S1dQVS_9openhuman18companion_commands27unregister_companion_hotkey0B5_
FN:125,_RNCNvNtCs9aNP7S1dQVS_9openhuman18companion_commands35unregister_companion_hotkey_for_app0B5_
FN:144,_RNvNtCs9aNP7S1dQVS_9openhuman18companion_commands18companion_activate
FN:22,_RNvNtCs9aNP7S1dQVS_9openhuman18companion_commands25register_companion_hotkey
FN:138,_RNvNtCs9aNP7S1dQVS_9openhuman18companion_commands27unregister_companion_hotkey
FN:108,_RNvNtCs9aNP7S1dQVS_9openhuman18companion_commands35unregister_companion_hotkey_for_app
FN:21,_RNCNCNCNvCs90f7PWMcWms_9openhuman3runs8_0sA_00B7_
FN:143,_RNCNCNCNvCs90f7PWMcWms_9openhuman3runs8_0sy_00B7_
FN:137,_RNCNCNCNvCs90f7PWMcWms_9openhuman3runs8_0sz_00B7_
FN:43,_RNCNCNCNvNtCs90f7PWMcWms_9openhuman18companion_commands25register_companion_hotkey000B9_
FN:56,_RNCNCNCNvNtCs90f7PWMcWms_9openhuman18companion_commands25register_companion_hotkey00s_0B9_
FN:147,_RNCNCNvNtCs90f7PWMcWms_9openhuman18companion_commands18companion_activate00B7_
FN:40,_RNCNCNvNtCs90f7PWMcWms_9openhuman18companion_commands25register_companion_hotkey00B7_
FN:144,_RNCNvNtCs90f7PWMcWms_9openhuman18companion_commands18companion_activate0B5_
FN:25,_RNCNvNtCs90f7PWMcWms_9openhuman18companion_commands25register_companion_hotkey0B5_
FN:138,_RNCNvNtCs90f7PWMcWms_9openhuman18companion_commands27unregister_companion_hotkey0B5_
FN:125,_RNCNvNtCs90f7PWMcWms_9openhuman18companion_commands35unregister_companion_hotkey_for_app0B5_
FN:144,_RNvNtCs90f7PWMcWms_9openhuman18companion_commands18companion_activate
FN:22,_RNvNtCs90f7PWMcWms_9openhuman18companion_commands25register_companion_hotkey
FN:138,_RNvNtCs90f7PWMcWms_9openhuman18companion_commands27unregister_companion_hotkey
FN:108,_RNvNtCs90f7PWMcWms_9openhuman18companion_commands35unregister_companion_hotkey_for_app
FNDA:0,_RNCNCNCNvCs9aNP7S1dQVS_9openhuman3runs8_0sA_00B7_
FNDA:0,_RNCNCNCNvCs9aNP7S1dQVS_9openhuman3runs8_0sy_00B7_
FNDA:0,_RNCNCNCNvCs9aNP7S1dQVS_9openhuman3runs8_0sz_00B7_
FNDA:0,_RNCNCNCNvNtCs9aNP7S1dQVS_9openhuman18companion_commands25register_companion_hotkey000B9_
FNDA:0,_RNCNCNCNvNtCs9aNP7S1dQVS_9openhuman18companion_commands25register_companion_hotkey00s_0B9_
FNDA:0,_RNCNCNvNtCs9aNP7S1dQVS_9openhuman18companion_commands18companion_activate00B7_
FNDA:0,_RNCNCNvNtCs9aNP7S1dQVS_9openhuman18companion_commands25register_companion_hotkey00B7_
FNDA:0,_RNCNvNtCs9aNP7S1dQVS_9openhuman18companion_commands18companion_activate0B5_
FNDA:0,_RNCNvNtCs9aNP7S1dQVS_9openhuman18companion_commands25register_companion_hotkey0B5_
FNDA:0,_RNCNvNtCs9aNP7S1dQVS_9openhuman18companion_commands27unregister_companion_hotkey0B5_
FNDA:0,_RNCNvNtCs9aNP7S1dQVS_9openhuman18companion_commands35unregister_companion_hotkey_for_app0B5_
FNDA:0,_RNvNtCs9aNP7S1dQVS_9openhuman18companion_commands18companion_activate
FNDA:0,_RNvNtCs9aNP7S1dQVS_9openhuman18companion_commands25register_companion_hotkey
FNDA:0,_RNvNtCs9aNP7S1dQVS_9openhuman18companion_commands27unregister_companion_hotkey
FNDA:0,_RNvNtCs9aNP7S1dQVS_9openhuman18companion_commands35unregister_companion_hotkey_for_app
FNDA:0,_RNCNCNCNvCs90f7PWMcWms_9openhuman3runs8_0sA_00B7_
FNDA:0,_RNCNCNCNvCs90f7PWMcWms_9openhuman3runs8_0sy_00B7_
FNDA:0,_RNCNCNCNvCs90f7PWMcWms_9openhuman3runs8_0sz_00B7_
FNDA:0,_RNCNCNCNvNtCs90f7PWMcWms_9openhuman18companion_commands25register_companion_hotkey000B9_
FNDA:0,_RNCNCNCNvNtCs90f7PWMcWms_9openhuman18companion_commands25register_companion_hotkey00s_0B9_
FNDA:0,_RNCNCNvNtCs90f7PWMcWms_9openhuman18companion_commands18companion_activate00B7_
FNDA:0,_RNCNCNvNtCs90f7PWMcWms_9openhuman18companion_commands25register_companion_hotkey00B7_
FNDA:0,_RNCNvNtCs90f7PWMcWms_9openhuman18companion_commands18companion_activate0B5_
FNDA:0,_RNCNvNtCs90f7PWMcWms_9openhuman18companion_commands25register_companion_hotkey0B5_
FNDA:0,_RNCNvNtCs90f7PWMcWms_9openhuman18companion_commands27unregister_companion_hotkey0B5_
FNDA:0,_RNCNvNtCs90f7PWMcWms_9openhuman18companion_commands35unregister_companion_hotkey_for_app0B5_
FNDA:0,_RNvNtCs90f7PWMcWms_9openhuman18companion_commands18companion_activate
FNDA:0,_RNvNtCs90f7PWMcWms_9openhuman18companion_commands25register_companion_hotkey
FNDA:0,_RNvNtCs90f7PWMcWms_9openhuman18companion_commands27unregister_companion_hotkey
FNDA:0,_RNvNtCs90f7PWMcWms_9openhuman18companion_commands35unregister_companion_hotkey_for_app
FNF:15
FNH:0
DA:21,0
DA:22,0
DA:23,0
DA:24,0
DA:25,0
DA:26,0
DA:28,0
DA:29,0
DA:30,0
DA:31,0
DA:34,0
DA:35,0
DA:36,0
DA:37,0
DA:38,0
DA:40,0
DA:41,0
DA:42,0
DA:43,0
DA:45,0
DA:46,0
DA:47,0
DA:48,0
DA:49,0
DA:52,0
DA:53,0
DA:55,0
DA:56,0
DA:57,0
DA:60,0
DA:61,0
DA:62,0
DA:63,0
DA:64,0
DA:65,0
DA:66,0
DA:67,0
DA:69,0
DA:70,0
DA:71,0
DA:72,0
DA:73,0
DA:77,0
DA:78,0
DA:79,0
DA:80,0
DA:81,0
DA:82,0
DA:83,0
DA:84,0
DA:86,0
DA:87,0
DA:88,0
DA:89,0
DA:91,0
DA:92,0
DA:93,0
DA:97,0
DA:98,0
DA:99,0
DA:100,0
DA:101,0
DA:103,0
DA:104,0
DA:105,0
DA:108,0
DA:109,0
DA:110,0
DA:111,0
DA:112,0
DA:113,0
DA:114,0
DA:115,0
DA:120,0
DA:121,0
DA:122,0
DA:123,0
DA:124,0
DA:125,0
DA:126,0
DA:127,0
DA:128,0
DA:129,0
DA:131,0
DA:133,0
DA:134,0
DA:137,0
DA:138,0
DA:139,0
DA:140,0
DA:143,0
DA:144,0
DA:145,0
DA:146,0
DA:147,0
DA:150,0
DA:151,0
DA:152,0
BRF:0
BRH:0
LF:107
LH:0
end_of_record
SF:/home/enamakel/work/workflow-openhuman/openhuman/app/src-tauri/src/core_process.rs
FN:266,_RNCNCNvMNtCs9aNP7S1dQVS_9openhuman12core_processNtB6_17CoreProcessHandle14ensure_running00B8_
FN:294,_RNCNCNvMNtCs9aNP7S1dQVS_9openhuman12core_processNtB6_17CoreProcessHandle14ensure_running0s_0B8_
FN:785,_RNCNCNvMs_NtCs9aNP7S1dQVS_9openhuman12core_processNtB8_17CoreProcessHandle21force_quit_port_owner00Ba_
FN:806,_RNCNCNvMs_NtCs9aNP7S1dQVS_9openhuman12core_processNtB8_17CoreProcessHandle21force_quit_port_owner0s0_0Ba_
FN:817,_RNCNCNvMs_NtCs9aNP7S1dQVS_9openhuman12core_processNtB8_17CoreProcessHandle21force_quit_port_owner0s1_0Ba_
FN:822,_RNCNCNvMs_NtCs9aNP7S1dQVS_9openhuman12core_processNtB8_17CoreProcessHandle21force_quit_port_owner0s2_0Ba_
FN:824,_RNCNCNvMs_NtCs9aNP7S1dQVS_9openhuman12core_processNtB8_17CoreProcessHandle21force_quit_port_owner0s3_0Ba_
FN:804,_RNCNCNvMs_NtCs9aNP7S1dQVS_9openhuman12core_processNtB8_17CoreProcessHandle21force_quit_port_owner0s_0Ba_
FN:731,_RNCNCNvMs_NtCs9aNP7S1dQVS_9openhuman12core_processNtB8_17CoreProcessHandle21recover_port_conflict00Ba_
FN:758,_RNCNCNvMs_NtCs9aNP7S1dQVS_9openhuman12core_processNtB8_17CoreProcessHandle21recover_port_conflict0s_0Ba_
FN:621,_RNCNvMNtCs9aNP7S1dQVS_9openhuman12core_processNtB4_17CoreProcessHandle10abort_task0B6_
FN:129,_RNCNvMNtCs9aNP7S1dQVS_9openhuman12core_processNtB4_17CoreProcessHandle12restart_lock0B6_
FN:137,_RNCNvMNtCs9aNP7S1dQVS_9openhuman12core_processNtB4_17CoreProcessHandle14ensure_running0B6_
FN:133,_RNCNvMNtCs9aNP7S1dQVS_9openhuman12core_processNtB4_17CoreProcessHandle16is_rpc_port_open0B6_
FN:629,_RNCNvMNtCs9aNP7S1dQVS_9openhuman12core_processNtB4_17CoreProcessHandle20fresh_shutdown_token0B6_
FN:638,_RNCNvMNtCs9aNP7S1dQVS_9openhuman12core_processNtB4_17CoreProcessHandle21cancel_shutdown_token0B6_
FN:690,_RNCNvMNtCs9aNP7S1dQVS_9openhuman12core_processNtB4_17CoreProcessHandle21send_terminate_signal0B6_
FN:438,_RNCNvMNtCs9aNP7S1dQVS_9openhuman12core_processNtB4_17CoreProcessHandle23cleanup_startup_timeout0B6_
FN:490,_RNCNvMNtCs9aNP7S1dQVS_9openhuman12core_processNtB4_17CoreProcessHandle23takeover_stale_listener0B6_
FN:581,_RNCNvMNtCs9aNP7S1dQVS_9openhuman12core_processNtB4_17CoreProcessHandle7restart0B6_
FN:654,_RNCNvMNtCs9aNP7S1dQVS_9openhuman12core_processNtB4_17CoreProcessHandle8shutdown0B6_
FN:780,_RNCNvMs_NtCs9aNP7S1dQVS_9openhuman12core_processNtB6_17CoreProcessHandle21force_quit_port_owner0B8_
FN:723,_RNCNvMs_NtCs9aNP7S1dQVS_9openhuman12core_processNtB6_17CoreProcessHandle21recover_port_conflict0B8_
FN:876,_RNCNvNtCs9aNP7S1dQVS_9openhuman12core_process12is_port_open0B5_
FN:1101,_RNCNvNtCs9aNP7S1dQVS_9openhuman12core_process13parse_ps_comm0B5_
FN:1008,_RNCNvNtCs9aNP7S1dQVS_9openhuman12core_process14parse_lsof_pid0B5_
FN:1009,_RNCNvNtCs9aNP7S1dQVS_9openhuman12core_process14parse_lsof_pids_0B5_
FN:57,_RNCNvNtCs9aNP7S1dQVS_9openhuman12core_process17CURRENT_RPC_TOKEN0B5_
FN:863,_RNCNvNtCs9aNP7S1dQVS_9openhuman12core_process17default_core_port0B5_
FN:900,_RNCNvNtCs9aNP7S1dQVS_9openhuman12core_process17identify_listener0B5_
FN:954,_RNCNvNtCs9aNP7S1dQVS_9openhuman12core_process22is_openhuman_root_body0B5_
FN:955,_RNCNvNtCs9aNP7S1dQVS_9openhuman12core_process22is_openhuman_root_bodys_0B5_
FN:872,_RNCNvNtCs9aNP7S1dQVS_9openhuman12core_process31reuse_existing_listener_enabled0B5_
FN:621,_RNvMNtCs9aNP7S1dQVS_9openhuman12core_processNtB2_17CoreProcessHandle10abort_task
FN:129,_RNvMNtCs9aNP7S1dQVS_9openhuman12core_processNtB2_17CoreProcessHandle12restart_lock
FN:137,_RNvMNtCs9aNP7S1dQVS_9openhuman12core_processNtB2_17CoreProcessHandle14ensure_running
FN:133,_RNvMNtCs9aNP7S1dQVS_9openhuman12core_processNtB2_17CoreProcessHandle16is_rpc_port_open
FN:629,_RNvMNtCs9aNP7S1dQVS_9openhuman12core_processNtB2_17CoreProcessHandle20fresh_shutdown_token
FN:638,_RNvMNtCs9aNP7S1dQVS_9openhuman12core_processNtB2_17CoreProcessHandle21cancel_shutdown_token
FN:690,_RNvMNtCs9aNP7S1dQVS_9openhuman12core_processNtB2_17CoreProcessHandle21send_terminate_signal
FN:433,_RNvMNtCs9aNP7S1dQVS_9openhuman12core_processNtB2_17CoreProcessHandle23cleanup_startup_timeout
FN:490,_RNvMNtCs9aNP7S1dQVS_9openhuman12core_processNtB2_17CoreProcessHandle23takeover_stale_listener
FN:463,_RNvMNtCs9aNP7S1dQVS_9openhuman12core_processNtB2_17CoreProcessHandle27apply_embedded_ready_signal
FN:124,_RNvMNtCs9aNP7S1dQVS_9openhuman12core_processNtB2_17CoreProcessHandle30take_last_port_fallback_notice
FN:91,_RNvMNtCs9aNP7S1dQVS_9openhuman12core_processNtB2_17CoreProcessHandle3new
FN:120,_RNvMNtCs9aNP7S1dQVS_9openhuman12core_processNtB2_17CoreProcessHandle4port
FN:581,_RNvMNtCs9aNP7S1dQVS_9openhuman12core_processNtB2_17CoreProcessHandle7restart
FN:116,_RNvMNtCs9aNP7S1dQVS_9openhuman12core_processNtB2_17CoreProcessHandle7rpc_url
FN:654,_RNvMNtCs9aNP7S1dQVS_9openhuman12core_processNtB2_17CoreProcessHandle8shutdown
FN:112,_RNvMNtCs9aNP7S1dQVS_9openhuman12core_processNtB2_17CoreProcessHandle9rpc_token
FN:780,_RNvMs_NtCs9aNP7S1dQVS_9openhuman12core_processNtB4_17CoreProcessHandle21force_quit_port_owner
FN:723,_RNvMs_NtCs9aNP7S1dQVS_9openhuman12core_processNtB4_17CoreProcessHandle21recover_port_conflict
FN:876,_RNvNtCs9aNP7S1dQVS_9openhuman12core_process12is_port_open
FN:1072,_RNvNtCs9aNP7S1dQVS_9openhuman12core_process12process_name
FN:1100,_RNvNtCs9aNP7S1dQVS_9openhuman12core_process13parse_ps_comm
FN:1004,_RNvNtCs9aNP7S1dQVS_9openhuman12core_process14parse_lsof_pid
FN:974,_RNvNtCs9aNP7S1dQVS_9openhuman12core_process16find_pid_on_port
FN:59,_RNvNtCs9aNP7S1dQVS_9openhuman12core_process17current_rpc_token
FN:860,_RNvNtCs9aNP7S1dQVS_9openhuman12core_process17default_core_port
FN:900,_RNvNtCs9aNP7S1dQVS_9openhuman12core_process17identify_listener
FN:50,_RNvNtCs9aNP7S1dQVS_9openhuman12core_process18generate_rpc_token
FN:1048,_RNvNtCs9aNP7S1dQVS_9openhuman12core_process19identify_port_owner
FN:1114,_RNvNtCs9aNP7S1dQVS_9openhuman12core_process20validate_kill_target
FN:961,_RNvNtCs9aNP7S1dQVS_9openhuman12core_process22is_expected_port_clash
FN:947,_RNvNtCs9aNP7S1dQVS_9openhuman12core_process22is_openhuman_root_body
FN:870,_RNvNtCs9aNP7S1dQVS_9openhuman12core_process31reuse_existing_listener_enabled
FN:1088,_RNCNvNtCs9aNP7S1dQVS_9openhuman12core_process19parse_tasklist_name0B5_
FN:1021,_RNvNtCs9aNP7S1dQVS_9openhuman12core_process17parse_netstat_pid
FN:1087,_RNvNtCs9aNP7S1dQVS_9openhuman12core_process19parse_tasklist_name
FN:266,_RNCNCNvMNtCs90f7PWMcWms_9openhuman12core_processNtB6_17CoreProcessHandle14ensure_running00B8_
FN:294,_RNCNCNvMNtCs90f7PWMcWms_9openhuman12core_processNtB6_17CoreProcessHandle14ensure_running0s_0B8_
FN:731,_RNCNCNvMs_NtCs90f7PWMcWms_9openhuman12core_processNtB8_17CoreProcessHandle21recover_port_conflict00Ba_
FN:758,_RNCNCNvMs_NtCs90f7PWMcWms_9openhuman12core_processNtB8_17CoreProcessHandle21recover_port_conflict0s_0Ba_
FN:621,_RNCNvMNtCs90f7PWMcWms_9openhuman12core_processNtB4_17CoreProcessHandle10abort_task0B6_
FN:129,_RNCNvMNtCs90f7PWMcWms_9openhuman12core_processNtB4_17CoreProcessHandle12restart_lock0B6_
FN:137,_RNCNvMNtCs90f7PWMcWms_9openhuman12core_processNtB4_17CoreProcessHandle14ensure_running0B6_
FN:133,_RNCNvMNtCs90f7PWMcWms_9openhuman12core_processNtB4_17CoreProcessHandle16is_rpc_port_open0B6_
FN:629,_RNCNvMNtCs90f7PWMcWms_9openhuman12core_processNtB4_17CoreProcessHandle20fresh_shutdown_token0B6_
FN:638,_RNCNvMNtCs90f7PWMcWms_9openhuman12core_processNtB4_17CoreProcessHandle21cancel_shutdown_token0B6_
FN:690,_RNCNvMNtCs90f7PWMcWms_9openhuman12core_processNtB4_17CoreProcessHandle21send_terminate_signal0B6_
FN:438,_RNCNvMNtCs90f7PWMcWms_9openhuman12core_processNtB4_17CoreProcessHandle23cleanup_startup_timeout0B6_
FN:490,_RNCNvMNtCs90f7PWMcWms_9openhuman12core_processNtB4_17CoreProcessHandle23takeover_stale_listener0B6_
FN:649,_RNCNvMNtCs90f7PWMcWms_9openhuman12core_processNtB4_17CoreProcessHandle27shutdown_token_is_cancelled0B6_
FN:654,_RNCNvMNtCs90f7PWMcWms_9openhuman12core_processNtB4_17CoreProcessHandle8shutdown0B6_
FN:723,_RNCNvMs_NtCs90f7PWMcWms_9openhuman12core_processNtB6_17CoreProcessHandle21recover_port_conflict0B8_
FN:876,_RNCNvNtCs90f7PWMcWms_9openhuman12core_process12is_port_open0B5_
FN:1101,_RNCNvNtCs90f7PWMcWms_9openhuman12core_process13parse_ps_comm0B5_
FN:1008,_RNCNvNtCs90f7PWMcWms_9openhuman12core_process14parse_lsof_pid0B5_
FN:1009,_RNCNvNtCs90f7PWMcWms_9openhuman12core_process14parse_lsof_pids_0B5_
FN:57,_RNCNvNtCs90f7PWMcWms_9openhuman12core_process17CURRENT_RPC_TOKEN0B5_
FN:863,_RNCNvNtCs90f7PWMcWms_9openhuman12core_process17default_core_port0B5_
FN:900,_RNCNvNtCs90f7PWMcWms_9openhuman12core_process17identify_listener0B5_
FN:1088,_RNCNvNtCs90f7PWMcWms_9openhuman12core_process19parse_tasklist_name0B5_
FN:954,_RNCNvNtCs90f7PWMcWms_9openhuman12core_process22is_openhuman_root_body0B5_
FN:955,_RNCNvNtCs90f7PWMcWms_9openhuman12core_process22is_openhuman_root_bodys_0B5_
FN:872,_RNCNvNtCs90f7PWMcWms_9openhuman12core_process31reuse_existing_listener_enabled0B5_
FN:621,_RNvMNtCs90f7PWMcWms_9openhuman12core_processNtB2_17CoreProcessHandle10abort_task
FN:129,_RNvMNtCs90f7PWMcWms_9openhuman12core_processNtB2_17CoreProcessHandle12restart_lock
FN:137,_RNvMNtCs90f7PWMcWms_9openhuman12core_processNtB2_17CoreProcessHandle14ensure_running
FN:133,_RNvMNtCs90f7PWMcWms_9openhuman12core_processNtB2_17CoreProcessHandle16is_rpc_port_open
FN:629,_RNvMNtCs90f7PWMcWms_9openhuman12core_processNtB2_17CoreProcessHandle20fresh_shutdown_token
FN:638,_RNvMNtCs90f7PWMcWms_9openhuman12core_processNtB2_17CoreProcessHandle21cancel_shutdown_token
FN:690,_RNvMNtCs90f7PWMcWms_9openhuman12core_processNtB2_17CoreProcessHandle21send_terminate_signal
FN:433,_RNvMNtCs90f7PWMcWms_9openhuman12core_processNtB2_17CoreProcessHandle23cleanup_startup_timeout
FN:490,_RNvMNtCs90f7PWMcWms_9openhuman12core_processNtB2_17CoreProcessHandle23takeover_stale_listener
FN:463,_RNvMNtCs90f7PWMcWms_9openhuman12core_processNtB2_17CoreProcessHandle27apply_embedded_ready_signal
FN:649,_RNvMNtCs90f7PWMcWms_9openhuman12core_processNtB2_17CoreProcessHandle27shutdown_token_is_cancelled
FN:124,_RNvMNtCs90f7PWMcWms_9openhuman12core_processNtB2_17CoreProcessHandle30take_last_port_fallback_notice
FN:91,_RNvMNtCs90f7PWMcWms_9openhuman12core_processNtB2_17CoreProcessHandle3new
FN:120,_RNvMNtCs90f7PWMcWms_9openhuman12core_processNtB2_17CoreProcessHandle4port
FN:116,_RNvMNtCs90f7PWMcWms_9openhuman12core_processNtB2_17CoreProcessHandle7rpc_url
FN:654,_RNvMNtCs90f7PWMcWms_9openhuman12core_processNtB2_17CoreProcessHandle8shutdown
FN:112,_RNvMNtCs90f7PWMcWms_9openhuman12core_processNtB2_17CoreProcessHandle9rpc_token
FN:723,_RNvMs_NtCs90f7PWMcWms_9openhuman12core_processNtB4_17CoreProcessHandle21recover_port_conflict
FN:876,_RNvNtCs90f7PWMcWms_9openhuman12core_process12is_port_open
FN:1072,_RNvNtCs90f7PWMcWms_9openhuman12core_process12process_name
FN:1100,_RNvNtCs90f7PWMcWms_9openhuman12core_process13parse_ps_comm
FN:1004,_RNvNtCs90f7PWMcWms_9openhuman12core_process14parse_lsof_pid
FN:974,_RNvNtCs90f7PWMcWms_9openhuman12core_process16find_pid_on_port
FN:59,_RNvNtCs90f7PWMcWms_9openhuman12core_process17current_rpc_token
FN:860,_RNvNtCs90f7PWMcWms_9openhuman12core_process17default_core_port
FN:900,_RNvNtCs90f7PWMcWms_9openhuman12core_process17identify_listener
FN:1021,_RNvNtCs90f7PWMcWms_9openhuman12core_process17parse_netstat_pid
FN:50,_RNvNtCs90f7PWMcWms_9openhuman12core_process18generate_rpc_token
FN:1048,_RNvNtCs90f7PWMcWms_9openhuman12core_process19identify_port_owner
FN:1087,_RNvNtCs90f7PWMcWms_9openhuman12core_process19parse_tasklist_name
FN:1114,_RNvNtCs90f7PWMcWms_9openhuman12core_process20validate_kill_target
FN:961,_RNvNtCs90f7PWMcWms_9openhuman12core_process22is_expected_port_clash
FN:947,_RNvNtCs90f7PWMcWms_9openhuman12core_process22is_openhuman_root_body
FN:870,_RNvNtCs90f7PWMcWms_9openhuman12core_process31reuse_existing_listener_enabled
FN:785,_RNCNCNvMs_NtCs90f7PWMcWms_9openhuman12core_processNtB8_17CoreProcessHandle21force_quit_port_owner00Ba_
FN:806,_RNCNCNvMs_NtCs90f7PWMcWms_9openhuman12core_processNtB8_17CoreProcessHandle21force_quit_port_owner0s0_0Ba_
FN:817,_RNCNCNvMs_NtCs90f7PWMcWms_9openhuman12core_processNtB8_17CoreProcessHandle21force_quit_port_owner0s1_0Ba_
FN:822,_RNCNCNvMs_NtCs90f7PWMcWms_9openhuman12core_processNtB8_17CoreProcessHandle21force_quit_port_owner0s2_0Ba_
FN:824,_RNCNCNvMs_NtCs90f7PWMcWms_9openhuman12core_processNtB8_17CoreProcessHandle21force_quit_port_owner0s3_0Ba_
FN:804,_RNCNCNvMs_NtCs90f7PWMcWms_9openhuman12core_processNtB8_17CoreProcessHandle21force_quit_port_owner0s_0Ba_
[...]
FN:93,_RINvNtCs9aNP7S1dQVS_9openhuman15workspace_paths20workspace_path_errorReEB4_
FN:99,_RINvNtCs9aNP7S1dQVS_9openhuman15workspace_paths31workspace_path_error_with_debugNtNtCs8y6E41fb8tc_5alloc6string6StringB1g_EB4_
FN:24,_RNCNCNvNtCs9aNP7S1dQVS_9openhuman15workspace_paths19open_workspace_path00B7_
FN:120,_RNCNCNvNtCs9aNP7S1dQVS_9openhuman15workspace_paths20workspace_path_labels_00B7_
FN:80,_RNCNCNvNtCs9aNP7S1dQVS_9openhuman15workspace_paths21active_workspace_root00B7_
FN:81,_RNCNCNvNtCs9aNP7S1dQVS_9openhuman15workspace_paths21active_workspace_root0s_0B7_
FN:37,_RNCNCNvNtCs9aNP7S1dQVS_9openhuman15workspace_paths21reveal_workspace_path00B7_
FN:129,_RNCNvNtCs9aNP7S1dQVS_9openhuman15workspace_paths10path_label0B5_
FN:20,_RNCNvNtCs9aNP7S1dQVS_9openhuman15workspace_paths19open_workspace_path0B5_
FN:112,_RNCNvNtCs9aNP7S1dQVS_9openhuman15workspace_paths20workspace_path_label0B5_
FN:122,_RNCNvNtCs9aNP7S1dQVS_9openhuman15workspace_paths20workspace_path_labels0_0B5_
FN:123,_RNCNvNtCs9aNP7S1dQVS_9openhuman15workspace_paths20workspace_path_labels1_0B5_
FN:117,_RNCNvNtCs9aNP7S1dQVS_9openhuman15workspace_paths20workspace_path_labels_0B5_
FN:77,_RNCNvNtCs9aNP7S1dQVS_9openhuman15workspace_paths21active_workspace_root0B5_
FN:200,_RNCNvNtCs9aNP7S1dQVS_9openhuman15workspace_paths21has_uri_scheme_prefix0B5_
FN:33,_RNCNvNtCs9aNP7S1dQVS_9openhuman15workspace_paths21reveal_workspace_path0B5_
FN:49,_RNCNvNtCs9aNP7S1dQVS_9openhuman15workspace_paths22preview_workspace_text0B5_
FN:208,_RNCNvNtCs9aNP7S1dQVS_9openhuman15workspace_paths22resolve_workspace_path0B5_
FN:218,_RNCNvNtCs9aNP7S1dQVS_9openhuman15workspace_paths22resolve_workspace_paths_0B5_
FN:66,_RNCNvNtCs9aNP7S1dQVS_9openhuman15workspace_paths31resolve_workspace_absolute_path0B5_
FN:250,_RNCNvNtCs9aNP7S1dQVS_9openhuman15workspace_paths32preview_workspace_text_from_root0B5_
FN:272,_RNCNvNtCs9aNP7S1dQVS_9openhuman15workspace_paths32preview_workspace_text_from_roots0_0B5_
FN:281,_RNCNvNtCs9aNP7S1dQVS_9openhuman15workspace_paths32preview_workspace_text_from_roots1_0B5_
FN:262,_RNCNvNtCs9aNP7S1dQVS_9openhuman15workspace_paths32preview_workspace_text_from_roots_0B5_
FN:148,_RNCNvNtCs9aNP7S1dQVS_9openhuman15workspace_paths33normalize_workspace_relative_path0B5_
FN:126,_RNvNtCs9aNP7S1dQVS_9openhuman15workspace_paths10path_label
FN:304,_RNvNtCs9aNP7S1dQVS_9openhuman15workspace_paths12utf8_preview
FN:20,_RNvNtCs9aNP7S1dQVS_9openhuman15workspace_paths19open_workspace_path
FN:109,_RNvNtCs9aNP7S1dQVS_9openhuman15workspace_paths20workspace_path_label
FN:77,_RNvNtCs9aNP7S1dQVS_9openhuman15workspace_paths21active_workspace_root
FN:191,_RNvNtCs9aNP7S1dQVS_9openhuman15workspace_paths21has_uri_scheme_prefix
FN:33,_RNvNtCs9aNP7S1dQVS_9openhuman15workspace_paths21reveal_workspace_path
FN:49,_RNvNtCs9aNP7S1dQVS_9openhuman15workspace_paths22preview_workspace_text
FN:203,_RNvNtCs9aNP7S1dQVS_9openhuman15workspace_paths22resolve_workspace_path
FN:186,_RNvNtCs9aNP7S1dQVS_9openhuman15workspace_paths24has_windows_drive_prefix
FN:66,_RNvNtCs9aNP7S1dQVS_9openhuman15workspace_paths31resolve_workspace_absolute_path
FN:243,_RNvNtCs9aNP7S1dQVS_9openhuman15workspace_paths32preview_workspace_text_from_root
FN:143,_RNvNtCs9aNP7S1dQVS_9openhuman15workspace_paths33normalize_workspace_relative_path
FN:93,_RINvNtCs90f7PWMcWms_9openhuman15workspace_paths20workspace_path_errorNtNtCs8y6E41fb8tc_5alloc6string6StringEB4_
FN:93,_RINvNtCs90f7PWMcWms_9openhuman15workspace_paths20workspace_path_errorReEB4_
FN:99,_RINvNtCs90f7PWMcWms_9openhuman15workspace_paths31workspace_path_error_with_debugNtNtCs8y6E41fb8tc_5alloc6string6StringB1g_EB4_
FN:24,_RNCNCNvNtCs90f7PWMcWms_9openhuman15workspace_paths19open_workspace_path00B7_
FN:120,_RNCNCNvNtCs90f7PWMcWms_9openhuman15workspace_paths20workspace_path_labels_00B7_
FN:80,_RNCNCNvNtCs90f7PWMcWms_9openhuman15workspace_paths21active_workspace_root00B7_
FN:81,_RNCNCNvNtCs90f7PWMcWms_9openhuman15workspace_paths21active_workspace_root0s_0B7_
FN:37,_RNCNCNvNtCs90f7PWMcWms_9openhuman15workspace_paths21reveal_workspace_path00B7_
FN:129,_RNCNvNtCs90f7PWMcWms_9openhuman15workspace_paths10path_label0B5_
FN:20,_RNCNvNtCs90f7PWMcWms_9openhuman15workspace_paths19open_workspace_path0B5_
FN:112,_RNCNvNtCs90f7PWMcWms_9openhuman15workspace_paths20workspace_path_label0B5_
FN:122,_RNCNvNtCs90f7PWMcWms_9openhuman15workspace_paths20workspace_path_labels0_0B5_
FN:123,_RNCNvNtCs90f7PWMcWms_9openhuman15workspace_paths20workspace_path_labels1_0B5_
FN:117,_RNCNvNtCs90f7PWMcWms_9openhuman15workspace_paths20workspace_path_labels_0B5_
FN:77,_RNCNvNtCs90f7PWMcWms_9openhuman15workspace_paths21active_workspace_root0B5_
FN:200,_RNCNvNtCs90f7PWMcWms_9openhuman15workspace_paths21has_uri_scheme_prefix0B5_
FN:33,_RNCNvNtCs90f7PWMcWms_9openhuman15workspace_paths21reveal_workspace_path0B5_
FN:49,_RNCNvNtCs90f7PWMcWms_9openhuman15workspace_paths22preview_workspace_text0B5_
FN:208,_RNCNvNtCs90f7PWMcWms_9openhuman15workspace_paths22resolve_workspace_path0B5_
FN:218,_RNCNvNtCs90f7PWMcWms_9openhuman15workspace_paths22resolve_workspace_paths_0B5_
FN:66,_RNCNvNtCs90f7PWMcWms_9openhuman15workspace_paths31resolve_workspace_absolute_path0B5_
FN:250,_RNCNvNtCs90f7PWMcWms_9openhuman15workspace_paths32preview_workspace_text_from_root0B5_
FN:272,_RNCNvNtCs90f7PWMcWms_9openhuman15workspace_paths32preview_workspace_text_from_roots0_0B5_
FN:281,_RNCNvNtCs90f7PWMcWms_9openhuman15workspace_paths32preview_workspace_text_from_roots1_0B5_
FN:262,_RNCNvNtCs90f7PWMcWms_9openhuman15workspace_paths32preview_workspace_text_from_roots_0B5_
FN:148,_RNCNvNtCs90f7PWMcWms_9openhuman15workspace_paths33normalize_workspace_relative_path0B5_
FN:126,_RNvNtCs90f7PWMcWms_9openhuman15workspace_paths10path_label
FN:304,_RNvNtCs90f7PWMcWms_9openhuman15workspace_paths12utf8_preview
FN:109,_RNvNtCs90f7PWMcWms_9openhuman15workspace_paths20workspace_path_label
FN:77,_RNvNtCs90f7PWMcWms_9openhuman15workspace_paths21active_workspace_root
FN:191,_RNvNtCs90f7PWMcWms_9openhuman15workspace_paths21has_uri_scheme_prefix
FN:203,_RNvNtCs90f7PWMcWms_9openhuman15workspace_paths22resolve_workspace_path
FN:186,_RNvNtCs90f7PWMcWms_9openhuman15workspace_paths24has_windows_drive_prefix
FN:243,_RNvNtCs90f7PWMcWms_9openhuman15workspace_paths32preview_workspace_text_from_root
FN:143,_RNvNtCs90f7PWMcWms_9openhuman15workspace_paths33normalize_workspace_relative_path
FN:343,_RNvNtNtCs90f7PWMcWms_9openhuman15workspace_paths5testss_45resolve_workspace_path_rejects_absolute_paths
FN:455,_RNvNtNtCs90f7PWMcWms_9openhuman15workspace_paths5testss_45resolve_workspace_path_rejects_symlink_escape
FN:387,_RNvNtNtCs90f7PWMcWms_9openhuman15workspace_paths5testss_48preview_workspace_text_from_root_reads_utf8_text
FN:352,_RNvNtNtCs90f7PWMcWms_9openhuman15workspace_paths5testss_48resolve_workspace_path_rejects_uri_scheme_prefix
FN:401,_RNvNtNtCs90f7PWMcWms_9openhuman15workspace_paths5testss_53preview_workspace_text_from_root_truncates_large_text
FN:445,_RNvNtNtCs90f7PWMcWms_9openhuman15workspace_paths5testss_53resolve_workspace_path_rejects_empty_whitespace_input
FN:334,_RNvNtNtCs90f7PWMcWms_9openhuman15workspace_paths5testss_54resolve_workspace_path_rejects_parent_directory_escape
FN:361,_RNvNtNtCs90f7PWMcWms_9openhuman15workspace_paths5testss_57resolve_workspace_path_accepts_colons_after_first_segment
FN:374,_RNvNtNtCs90f7PWMcWms_9openhuman15workspace_paths5testss_58resolve_workspace_path_errors_do_not_expose_workspace_root
FN:413,_RNvNtNtCs90f7PWMcWms_9openhuman15workspace_paths5testss_68preview_workspace_text_from_root_errors_do_not_expose_workspace_root
FN:427,_RNvNtNtCs90f7PWMcWms_9openhuman15workspace_paths5testss_68resolve_workspace_path_resolves_memory_tree_content_inside_workspace
FN:321,_RNvNtNtCs90f7PWMcWms_9openhuman15workspace_paths5testss_70resolve_workspace_path_accepts_existing_relative_file_inside_workspace
FN:65,_RNCNCNCNvCs90f7PWMcWms_9openhuman3runs8_0sB_00B7_
FN:48,_RNCNCNCNvCs90f7PWMcWms_9openhuman3runs8_0sC_00B7_
FN:32,_RNCNCNCNvCs90f7PWMcWms_9openhuman3runs8_0sD_00B7_
FN:19,_RNCNCNCNvCs90f7PWMcWms_9openhuman3runs8_0sE_00B7_
FN:20,_RNvNtCs90f7PWMcWms_9openhuman15workspace_paths19open_workspace_path
FN:33,_RNvNtCs90f7PWMcWms_9openhuman15workspace_paths21reveal_workspace_path
FN:49,_RNvNtCs90f7PWMcWms_9openhuman15workspace_paths22preview_workspace_text
FN:66,_RNvNtCs90f7PWMcWms_9openhuman15workspace_paths31resolve_workspace_absolute_path
FNDA:0,_RNCNCNCNvCs9aNP7S1dQVS_9openhuman3runs8_0sB_00B7_
FNDA:0,_RNCNCNCNvCs9aNP7S1dQVS_9openhuman3runs8_0sC_00B7_
FNDA:0,_RNCNCNCNvCs9aNP7S1dQVS_9openhuman3runs8_0sD_00B7_
FNDA:0,_RNCNCNCNvCs9aNP7S1dQVS_9openhuman3runs8_0sE_00B7_
FNDA:0,_RINvNtCs9aNP7S1dQVS_9openhuman15workspace_paths20workspace_path_errorNtNtCs8y6E41fb8tc_5alloc6string6StringEB4_
FNDA:0,_RINvNtCs9aNP7S1dQVS_9openhuman15workspace_paths20workspace_path_errorReEB4_
FNDA:0,_RINvNtCs9aNP7S1dQVS_9openhuman15workspace_paths31workspace_path_error_with_debugNtNtCs8y6E41fb8tc_5alloc6string6StringB1g_EB4_
FNDA:0,_RNCNCNvNtCs9aNP7S1dQVS_9openhuman15workspace_paths19open_workspace_path00B7_
FNDA:0,_RNCNCNvNtCs9aNP7S1dQVS_9openhuman15workspace_paths20workspace_path_labels_00B7_
FNDA:0,_RNCNCNvNtCs9aNP7S1dQVS_9openhuman15workspace_paths21active_workspace_root00B7_
FNDA:0,_RNCNCNvNtCs9aNP7S1dQVS_9openhuman15workspace_paths21active_workspace_root0s_0B7_
FNDA:0,_RNCNCNvNtCs9aNP7S1dQVS_9openhuman15workspace_paths21reveal_workspace_path00B7_
FNDA:0,_RNCNvNtCs9aNP7S1dQVS_9openhuman15workspace_paths10path_label0B5_
FNDA:0,_RNCNvNtCs9aNP7S1dQVS_9openhuman15workspace_paths19open_workspace_path0B5_
FNDA:0,_RNCNvNtCs9aNP7S1dQVS_9openhuman15workspace_paths20workspace_path_label0B5_
FNDA:0,_RNCNvNtCs9aNP7S1dQVS_9openhuman15workspace_paths20workspace_path_labels0_0B5_
FNDA:0,_RNCNvNtCs9aNP7S1dQVS_9openhuman15workspace_paths20workspace_path_labels1_0B5_
FNDA:0,_RNCNvNtCs9aNP7S1dQVS_9openhuman15workspace_paths20workspace_path_labels_0B5_
FNDA:0,_RNCNvNtCs9aNP7S1dQVS_9openhuman15workspace_paths21active_workspace_root0B5_
FNDA:0,_RNCNvNtCs9aNP7S1dQVS_9openhuman15workspace_paths21has_uri_scheme_prefix0B5_
FNDA:0,_RNCNvNtCs9aNP7S1dQVS_9openhuman15workspace_paths21reveal_workspace_path0B5_
FNDA:0,_RNCNvNtCs9aNP7S1dQVS_9openhuman15workspace_paths22preview_workspace_text0B5_
FNDA:0,_RNCNvNtCs9aNP7S1dQVS_9openhuman15workspace_paths22resolve_workspace_path0B5_
FNDA:0,_RNCNvNtCs9aNP7S1dQVS_9openhuman15workspace_paths22resolve_workspace_paths_0B5_
FNDA:0,_RNCNvNtCs9aNP7S1dQVS_9openhuman15workspace_paths31resolve_workspace_absolute_path0B5_
FNDA:0,_RNCNvNtCs9aNP7S1dQVS_9openhuman15workspace_paths32preview_workspace_text_from_root0B5_
FNDA:0,_RNCNvNtCs9aNP7S1dQVS_9openhuman15workspace_paths32preview_workspace_text_from_roots0_0B5_
FNDA:0,_RNCNvNtCs9aNP7S1dQVS_9openhuman15workspace_paths32preview_workspace_text_from_roots1_0B5_
FNDA:0,_RNCNvNtCs9aNP7S1dQVS_9openhuman15workspace_paths32preview_workspace_text_from_roots_0B5_
FNDA:0,_RNCNvNtCs9aNP7S1dQVS_9openhuman15workspace_paths33normalize_workspace_relative_path0B5_
FNDA:0,_RNvNtCs9aNP7S1dQVS_9openhuman15workspace_paths10path_label
FNDA:0,_RNvNtCs9aNP7S1dQVS_9openhuman15workspace_paths12utf8_preview
FNDA:0,_RNvNtCs9aNP7S1dQVS_9openhuman15workspace_paths19open_workspace_path
FNDA:0,_RNvNtCs9aNP7S1dQVS_9openhuman15workspace_paths20workspace_path_label
FNDA:0,_RNvNtCs9aNP7S1dQVS_9openhuman15workspace_paths21active_workspace_root
FNDA:0,_RNvNtCs9aNP7S1dQVS_9openhuman15workspace_paths21has_uri_scheme_prefix
FNDA:0,_RNvNtCs9aNP7S1dQVS_9openhuman15workspace_paths21reveal_workspace_path
FNDA:0,_RNvNtCs9aNP7S1dQVS_9openhuman15workspace_paths22preview_workspace_text
FNDA:0,_RNvNtCs9aNP7S1dQVS_9openhuman15workspace_paths22resolve_workspace_path
FNDA:0,_RNvNtCs9aNP7S1dQVS_9openhuman15workspace_paths24has_windows_drive_prefix
FNDA:0,_RNvNtCs9aNP7S1dQVS_9openhuman15workspace_paths31resolve_workspace_absolute_path
FNDA:0,_RNvNtCs9aNP7S1dQVS_9openhuman15workspace_paths32preview_workspace_text_from_root
FNDA:0,_RNvNtCs9aNP7S1dQVS_9openhuman15workspace_paths33normalize_workspace_relative_path
FNDA:2,_RINvNtCs90f7PWMcWms_9openhuman15workspace_paths20workspace_path_errorNtNtCs8y6E41fb8tc_5alloc6string6StringEB4_
FNDA:4,_RINvNtCs90f7PWMcWms_9openhuman15workspace_paths20workspace_path_errorReEB4_
FNDA:1,_RINvNtCs90f7PWMcWms_9openhuman15workspace_paths31workspace_path_error_with_debugNtNtCs8y6E41fb8tc_5alloc6string6StringB1g_EB4_
FNDA:0,_RNCNCNvNtCs90f7PWMcWms_9openhuman15workspace_paths19open_workspace_path00B7_
FNDA:0,_RNCNCNvNtCs90f7PWMcWms_9openhuman15workspace_paths20workspace_path_labels_00B7_
FNDA:0,_RNCNCNvNtCs90f7PWMcWms_9openhuman15workspace_paths21active_workspace_root00B7_
FNDA:0,_RNCNCNvNtCs90f7PWMcWms_9openhuman15workspace_paths21active_workspace_root0s_0B7_
FNDA:0,_RNCNCNvNtCs90f7PWMcWms_9openhuman15workspace_paths21reveal_workspace_path00B7_
FNDA:0,_RNCNvNtCs90f7PWMcWms_9openhuman15workspace_paths10path_label0B5_
FNDA:0,_RNCNvNtCs90f7PWMcWms_9openhuman15workspace_paths19open_workspace_path0B5_
FNDA:0,_RNCNvNtCs90f7PWMcWms_9openhuman15workspace_paths20workspace_path_label0B5_
FNDA:0,_RNCNvNtCs90f7PWMcWms_9openhuman15workspace_paths20workspace_path_labels0_0B5_
FNDA:0,_RNCNvNtCs90f7PWMcWms_9openhuman15workspace_paths20workspace_path_labels1_0B5_
FNDA:0,_RNCNvNtCs90f7PWMcWms_9openhuman15workspace_paths20workspace_path_labels_0B5_
FNDA:0,_RNCNvNtCs90f7PWMcWms_9openhuman15workspace_paths21active_workspace_root0B5_
FNDA:7,_RNCNvNtCs90f7PWMcWms_9openhuman15workspace_paths21has_uri_scheme_prefix0B5_
FNDA:0,_RNCNvNtCs90f7PWMcWms_9openhuman15workspace_paths21reveal_workspace_path0B5_
FNDA:0,_RNCNvNtCs90f7PWMcWms_9openhuman15workspace_paths22preview_workspace_text0B5_
FNDA:0,_RNCNvNtCs90f7PWMcWms_9openhuman15workspace_paths22resolve_workspace_path0B5_
FNDA:1,_RNCNvNtCs90f7PWMcWms_9openhuman15workspace_paths22resolve_workspace_paths_0B5_
FNDA:0,_RNCNvNtCs90f7PWMcWms_9openhuman15workspace_paths31resolve_workspace_absolute_path0B5_
FNDA:0,_RNCNvNtCs90f7PWMcWms_9openhuman15workspace_paths32preview_workspace_text_from_root0B5_
FNDA:0,_RNCNvNtCs90f7PWMcWms_9openhuman15workspace_paths32preview_workspace_text_from_roots0_0B5_
FNDA:0,_RNCNvNtCs90f7PWMcWms_9openhuman15workspace_paths32preview_workspace_text_from_roots1_0B5_
FNDA:0,_RNCNvNtCs90f7PWMcWms_9openhuman15workspace_paths32preview_workspace_text_from_roots_0B5_
FNDA:155,_RNCNvNtCs90f7PWMcWms_9openhuman15workspace_paths33normalize_workspace_relative_path0B5_
FNDA:0,_RNvNtCs90f7PWMcWms_9openhuman15workspace_paths10path_label
FNDA:2,_RNvNtCs90f7PWMcWms_9openhuman15workspace_paths12utf8_preview
FNDA:0,_RNvNtCs90f7PWMcWms_9openhuman15workspace_paths20workspace_path_label
FNDA:0,_RNvNtCs90f7PWMcWms_9openhuman15workspace_paths21active_workspace_root
FNDA:13,_RNvNtCs90f7PWMcWms_9openhuman15workspace_paths21has_uri_scheme_prefix
FNDA:12,_RNvNtCs90f7PWMcWms_9openhuman15workspace_paths22resolve_workspace_path
FNDA:13,_RNvNtCs90f7PWMcWms_9openhuman15workspace_paths24has_windows_drive_prefix
FNDA:3,_RNvNtCs90f7PWMcWms_9openhuman15workspace_paths32preview_workspace_text_from_root
FNDA:15,_RNvNtCs90f7PWMcWms_9openhuman15workspace_paths33normalize_workspace_relative_path
FNDA:1,_RNvNtNtCs90f7PWMcWms_9openhuman15workspace_paths5testss_45resolve_workspace_path_rejects_absolute_paths
FNDA:1,_RNvNtNtCs90f7PWMcWms_9openhuman15workspace_paths5testss_45resolve_workspace_path_rejects_symlink_escape
FNDA:1,_RNvNtNtCs90f7PWMcWms_9openhuman15workspace_paths5testss_48preview_workspace_text_from_root_reads_utf8_text
FNDA:1,_RNvNtNtCs90f7PWMcWms_9openhuman15workspace_paths5testss_48resolve_workspace_path_rejects_uri_scheme_prefix
FNDA:1,_RNvNtNtCs90f7PWMcWms_9openhuman15workspace_paths5testss_53preview_workspace_text_from_root_truncates_large_text
FNDA:1,_RNvNtNtCs90f7PWMcWms_9openhuman15workspace_paths5testss_53resolve_workspace_path_rejects_empty_whitespace_input
FNDA:1,_RNvNtNtCs90f7PWMcWms_9openhuman15workspace_paths5testss_54resolve_workspace_path_rejects_parent_directory_escape
FNDA:1,_RNvNtNtCs90f7PWMcWms_9openhuman15workspace_paths5testss_57resolve_workspace_path_accepts_colons_after_first_segment
FNDA:1,_RNvNtNtCs90f7PWMcWms_9openhuman15workspace_paths5testss_58resolve_workspace_path_errors_do_not_expose_workspace_root
FNDA:1,_RNvNtNtCs90f7PWMcWms_9openhuman15workspace_paths5testss_68preview_workspace_text_from_root_errors_do_not_expose_workspace_root
FNDA:1,_RNvNtNtCs90f7PWMcWms_9openhuman15workspace_paths5testss_68resolve_workspace_path_resolves_memory_tree_content_inside_workspace
FNDA:1,_RNvNtNtCs90f7PWMcWms_9openhuman15workspace_paths5testss_70resolve_workspace_path_accepts_existing_relative_file_inside_workspace
FNDA:0,_RNCNCNCNvCs90f7PWMcWms_9openhuman3runs8_0sB_00B7_
FNDA:0,_RNCNCNCNvCs90f7PWMcWms_9openhuman3runs8_0sC_00B7_
FNDA:0,_RNCNCNCNvCs90f7PWMcWms_9openhuman3runs8_0sD_00B7_
FNDA:0,_RNCNCNCNvCs90f7PWMcWms_9openhuman3runs8_0sE_00B7_
FNDA:0,_RNvNtCs90f7PWMcWms_9openhuman15workspace_paths19open_workspace_path
FNDA:0,_RNvNtCs90f7PWMcWms_9openhuman15workspace_paths21reveal_workspace_path
FNDA:0,_RNvNtCs90f7PWMcWms_9openhuman15workspace_paths22preview_workspace_text
FNDA:0,_RNvNtCs90f7PWMcWms_9openhuman15workspace_paths31resolve_workspace_absolute_path
FNF:54
FNH:23
DA:19,0
DA:20,0
DA:21,0
DA:22,0
DA:23,0
DA:24,0
DA:25,0
DA:26,0
DA:27,0
DA:29,0
DA:30,0
DA:32,0
DA:33,0
DA:34,0
DA:35,0
DA:36,0
DA:37,0
DA:38,0
DA:39,0
DA:40,0
DA:42,0
DA:45,0
DA:46,0
DA:48,0
DA:49,0
DA:50,0
DA:51,0
DA:52,0
DA:65,0
DA:66,0
DA:67,0
DA:68,0
DA:69,0
DA:70,0
DA:74,0
DA:75,0
DA:77,0
DA:78,0
DA:79,0
DA:80,0
DA:81,0
DA:82,0
DA:83,0
DA:84,0
DA:86,0
DA:89,0
DA:90,0
DA:91,0
DA:93,6
DA:94,6
DA:95,6
DA:96,6
DA:97,6
DA:99,1
DA:100,1
DA:101,1
DA:102,1
DA:103,1
DA:104,1
DA:105,1
DA:106,1
DA:107,1
DA:109,0
DA:110,0
DA:111,0
DA:112,0
DA:114,0
DA:115,0
DA:116,0
DA:117,0
DA:118,0
DA:119,0
DA:120,0
DA:121,0
DA:122,0
DA:123,0
DA:124,0
DA:126,0
DA:127,0
DA:128,0
DA:129,0
DA:130,0
DA:131,0
DA:132,0
DA:133,0
DA:134,0
DA:136,0
DA:137,0
DA:139,0
DA:141,0
DA:143,15
DA:144,15
DA:145,15
DA:146,1
DA:147,14
DA:148,155
DA:149,0
DA:150,0
DA:151,0
DA:152,14
DA:154,14
DA:155,14
DA:156,13
DA:157,13
DA:159,2
DA:160,12
DA:162,12
DA:163,12
DA:164,16
DA:165,16
DA:166,0
DA:167,16
DA:168,16
DA:169,1
DA:170,1
DA:171,1
DA:172,15
DA:173,15
DA:174,15
DA:177,11
DA:178,0
DA:179,0
DA:180,0
DA:181,11
DA:183,11
DA:184,15
DA:186,13
DA:187,13
DA:188,13
DA:189,13
DA:191,13
DA:192,13
DA:193,11
DA:195,2
DA:196,2
DA:197,0
DA:199,2
DA:200,7
DA:201,13
DA:203,12
DA:204,12
DA:205,12
DA:206,12
DA:207,12
DA:208,8
DA:209,0
DA:210,0
DA:211,0
DA:213,0
DA:216,0
DA:217,8
DA:218,8
DA:219,1
DA:222,1
DA:224,7
DA:225,1
DA:226,1
DA:227,1
DA:228,1
DA:229,1
DA:230,1
DA:231,1
DA:232,1
DA:233,6
DA:235,6
DA:238,0
DA:240,6
DA:241,12
DA:243,3
DA:244,3
DA:245,3
DA:246,3
DA:247,3
DA:248,3
DA:249,3
DA:250,3
DA:251,0
DA:252,0
DA:253,0
DA:255,0
DA:256,3
DA:257,1
DA:258,1
DA:259,1
DA:260,2
DA:262,2
DA:263,0
DA:264,0
DA:265,0
DA:267,0
DA:268,2
DA:269,2
DA:270,2
DA:271,2
DA:272,2
DA:273,0
DA:274,0
DA:275,0
DA:277,0
DA:279,2
DA:280,2
DA:281,2
DA:282,0
DA:283,0
DA:284,0
DA:286,0
DA:288,2
DA:291,0
DA:295,2
DA:296,2
DA:297,2
DA:298,2
DA:299,2
DA:300,2
DA:301,2
DA:302,3
DA:304,2
DA:305,2
DA:306,2
DA:307,0
DA:308,0
DA:310,0
DA:312,2
DA:321,1
DA:322,1
DA:323,1
DA:324,1
DA:325,1
DA:326,1
DA:328,1
DA:330,1
DA:331,1
DA:334,1
DA:335,1
DA:337,1
DA:339,1
DA:340,1
DA:343,1
DA:344,1
DA:346,1
DA:348,1
DA:349,1
DA:352,1
DA:353,1
DA:355,1
DA:357,1
DA:358,1
DA:361,1
DA:362,1
DA:363,1
DA:364,1
DA:365,1
DA:366,1
DA:368,1
DA:370,1
DA:371,1
DA:374,1
DA:375,1
DA:377,1
DA:379,1
DA:380,1
DA:381,1
DA:384,1
DA:387,1
DA:388,1
DA:389,1
DA:391,1
DA:392,1
DA:394,1
DA:395,1
DA:396,1
DA:397,1
DA:398,1
DA:401,1
DA:402,1
DA:403,1
DA:405,1
DA:407,1
DA:408,1
DA:409,1
DA:410,1
DA:413,1
DA:414,1
DA:415,1
DA:417,1
DA:419,1
DA:420,1
DA:421,1
DA:424,1
DA:427,1
DA:428,1
DA:429,1
DA:430,1
DA:432,1
DA:434,1
DA:435,1
DA:436,1
DA:438,0
DA:439,0
DA:441,1
DA:442,1
DA:445,1
DA:446,1
DA:448,1
DA:450,1
DA:451,1
DA:455,1
DA:458,1
DA:459,1
DA:460,1
DA:461,1
DA:462,1
DA:464,1
DA:466,1
DA:467,1
BRF:0
BRH:0
LF:345
LH:207
end_of_record